[July 15, 2015, 4:13 am] HAL       Hello Dave. []
[July 15, 2015, 4:13 am] HAL       I'm completely operational, and all my circuits are functioning perfectly. []
[July 15, 2015, 4:17 am] INFO      A new connection. {}
[July 15, 2015, 4:17 am] INFO      Message from 993bf13f-40cb-430a-a3ea-922d49def34f to 2ac660d5-682c-489e-928d-2482f6e7b33a is valid. {"to":"2ac660d5-682c-489e-928d-2482f6e7b33a","msg":"Take me to your leader","signature":"993bf13f-40cb-430a-a3ea-922d49def34f","channel":"2ac660d5-682c-489e-928d-2482f6e7b33a","action":"_default","sent":1436933860}
[July 15, 2015, 4:17 am] HAL       Transmitting message. 993bf13f-40cb-430a-a3ea-922d49def34f->2ac660d5-682c-489e-928d-2482f6e7b33a {}
[July 15, 2015, 4:17 am] INFO      Transmitting message. 993bf13f-40cb-430a-a3ea-922d49def34f->2ac660d5-682c-489e-928d-2482f6e7b33a {"to":"2ac660d5-682c-489e-928d-2482f6e7b33a","msg":"Take me to your leader","signature":"993bf13f-40cb-430a-a3ea-922d49def34f","channel":"2ac660d5-682c-489e-928d-2482f6e7b33a","action":"_default","sent":1436933860,"from":{"_id":"993bf13f-40cb-430a-a3ea-922d49def34f","name":"Guest","created_date":1436852074,"updated_date":1436854580},"created_date":1436933860,"updated_date":1436933860,"_id":{"$id":"55a5dee4f9b6d70a008b4567"}}
[July 15, 2015, 4:17 am] INFO      Message from 993bf13f-40cb-430a-a3ea-922d49def34f to 2ac660d5-682c-489e-928d-2482f6e7b33a is valid. {"to":"2ac660d5-682c-489e-928d-2482f6e7b33a","msg":"Take me to your leader","signature":"993bf13f-40cb-430a-a3ea-922d49def34f","channel":"2ac660d5-682c-489e-928d-2482f6e7b33a","action":"_default","sent":1436933862}
[July 15, 2015, 4:17 am] HAL       Transmitting message. 993bf13f-40cb-430a-a3ea-922d49def34f->2ac660d5-682c-489e-928d-2482f6e7b33a {}
[July 15, 2015, 4:17 am] INFO      Transmitting message. 993bf13f-40cb-430a-a3ea-922d49def34f->2ac660d5-682c-489e-928d-2482f6e7b33a {"to":"2ac660d5-682c-489e-928d-2482f6e7b33a","msg":"Take me to your leader","signature":"993bf13f-40cb-430a-a3ea-922d49def34f","channel":"2ac660d5-682c-489e-928d-2482f6e7b33a","action":"_default","sent":1436933862,"from":{"_id":"993bf13f-40cb-430a-a3ea-922d49def34f","name":"Guest","created_date":1436852074,"updated_date":1436933860},"created_date":1436933862,"updated_date":1436933862,"_id":{"$id":"55a5dee6f9b6d70a008b4568"}}
[July 15, 2015, 4:17 am] INFO      Message from 993bf13f-40cb-430a-a3ea-922d49def34f to 2ac660d5-682c-489e-928d-2482f6e7b33a is valid. {"to":"2ac660d5-682c-489e-928d-2482f6e7b33a","msg":"Take me to your leader","signature":"993bf13f-40cb-430a-a3ea-922d49def34f","channel":"2ac660d5-682c-489e-928d-2482f6e7b33a","action":"_default","sent":1436933863}
[July 15, 2015, 4:17 am] HAL       Transmitting message. 993bf13f-40cb-430a-a3ea-922d49def34f->2ac660d5-682c-489e-928d-2482f6e7b33a {}
[July 15, 2015, 4:17 am] INFO      Transmitting message. 993bf13f-40cb-430a-a3ea-922d49def34f->2ac660d5-682c-489e-928d-2482f6e7b33a {"to":"2ac660d5-682c-489e-928d-2482f6e7b33a","msg":"Take me to your leader","signature":"993bf13f-40cb-430a-a3ea-922d49def34f","channel":"2ac660d5-682c-489e-928d-2482f6e7b33a","action":"_default","sent":1436933863,"from":{"_id":"993bf13f-40cb-430a-a3ea-922d49def34f","name":"Guest","created_date":1436852074,"updated_date":1436933862},"created_date":1436933863,"updated_date":1436933863,"_id":{"$id":"55a5dee7f9b6d70a008b4569"}}
[July 15, 2015, 4:17 am] INFO      Message from 993bf13f-40cb-430a-a3ea-922d49def34f to 2ac660d5-682c-489e-928d-2482f6e7b33a is valid. {"to":"2ac660d5-682c-489e-928d-2482f6e7b33a","msg":"Take me to your leader","signature":"993bf13f-40cb-430a-a3ea-922d49def34f","channel":"2ac660d5-682c-489e-928d-2482f6e7b33a","action":"_default","sent":1436933863}
[July 15, 2015, 4:17 am] HAL       Transmitting message. 993bf13f-40cb-430a-a3ea-922d49def34f->2ac660d5-682c-489e-928d-2482f6e7b33a {}
[July 15, 2015, 4:17 am] INFO      Transmitting message. 993bf13f-40cb-430a-a3ea-922d49def34f->2ac660d5-682c-489e-928d-2482f6e7b33a {"to":"2ac660d5-682c-489e-928d-2482f6e7b33a","msg":"Take me to your leader","signature":"993bf13f-40cb-430a-a3ea-922d49def34f","channel":"2ac660d5-682c-489e-928d-2482f6e7b33a","action":"_default","sent":1436933863,"from":{"_id":"993bf13f-40cb-430a-a3ea-922d49def34f","name":"Guest","created_date":1436852074,"updated_date":1436933863},"created_date":1436933863,"updated_date":1436933863,"_id":{"$id":"55a5dee7f9b6d70a008b456a"}}
[July 15, 2015, 4:17 am] INFO      Message from 993bf13f-40cb-430a-a3ea-922d49def34f to 2ac660d5-682c-489e-928d-2482f6e7b33a is valid. {"to":"2ac660d5-682c-489e-928d-2482f6e7b33a","msg":"Take me to your leader","signature":"993bf13f-40cb-430a-a3ea-922d49def34f","confirm":true,"channel":"2ac660d5-682c-489e-928d-2482f6e7b33a","action":"_default","sent":1436933872}
[July 15, 2015, 4:17 am] HAL       Transmitting message. 993bf13f-40cb-430a-a3ea-922d49def34f->2ac660d5-682c-489e-928d-2482f6e7b33a {}
[July 15, 2015, 4:17 am] INFO      Transmitting message. 993bf13f-40cb-430a-a3ea-922d49def34f->2ac660d5-682c-489e-928d-2482f6e7b33a {"to":"2ac660d5-682c-489e-928d-2482f6e7b33a","msg":"Take me to your leader","signature":"993bf13f-40cb-430a-a3ea-922d49def34f","confirm":true,"channel":"2ac660d5-682c-489e-928d-2482f6e7b33a","action":"_default","sent":1436933872,"from":{"_id":"993bf13f-40cb-430a-a3ea-922d49def34f","name":"Guest","created_date":1436852074,"updated_date":1436933863},"created_date":1436933872,"updated_date":1436933872,"_id":{"$id":"55a5def0f9b6d70a008b456b"}}
[July 15, 2015, 4:25 am] INFO      A new connection. {}
[July 15, 2015, 4:25 am] INFO      Message from 993bf13f-40cb-430a-a3ea-922d49def34f to 2ac660d5-682c-489e-928d-2482f6e7b33a is valid. {"to":"2ac660d5-682c-489e-928d-2482f6e7b33a","msg":"Take me to your leader","signature":"993bf13f-40cb-430a-a3ea-922d49def34f","confirm":true,"channel":"2ac660d5-682c-489e-928d-2482f6e7b33a","action":"_default","sent":1436934324}
[July 15, 2015, 4:25 am] HAL       Transmitting message. 993bf13f-40cb-430a-a3ea-922d49def34f->2ac660d5-682c-489e-928d-2482f6e7b33a {}
[July 15, 2015, 4:25 am] INFO      Transmitting message. 993bf13f-40cb-430a-a3ea-922d49def34f->2ac660d5-682c-489e-928d-2482f6e7b33a {"to":"2ac660d5-682c-489e-928d-2482f6e7b33a","msg":"Take me to your leader","signature":"993bf13f-40cb-430a-a3ea-922d49def34f","confirm":true,"channel":"2ac660d5-682c-489e-928d-2482f6e7b33a","action":"_default","sent":1436934324,"from":{"_id":"993bf13f-40cb-430a-a3ea-922d49def34f","name":"Guest","created_date":1436852074,"updated_date":1436933872},"created_date":1436934324,"updated_date":1436934324,"_id":{"$id":"55a5e0b4f9b6d70a008b456c"}}
[July 15, 2015, 4:35 am] INFO      A new connection. {}
[July 15, 2015, 4:36 am] INFO      Message from 993bf13f-40cb-430a-a3ea-922d49def34f to 2ac660d5-682c-489e-928d-2482f6e7b33a is valid. {"to":"2ac660d5-682c-489e-928d-2482f6e7b33a","msg":"Take me to your leader","signature":"993bf13f-40cb-430a-a3ea-922d49def34f","confirm":true,"channel":"2ac660d5-682c-489e-928d-2482f6e7b33a","action":"_default","sent":1436934968}
[July 15, 2015, 4:36 am] HAL       Transmitting message. 993bf13f-40cb-430a-a3ea-922d49def34f->2ac660d5-682c-489e-928d-2482f6e7b33a {}
[July 15, 2015, 4:36 am] INFO      Transmitting message. 993bf13f-40cb-430a-a3ea-922d49def34f->2ac660d5-682c-489e-928d-2482f6e7b33a {"to":"2ac660d5-682c-489e-928d-2482f6e7b33a","msg":"Take me to your leader","signature":"993bf13f-40cb-430a-a3ea-922d49def34f","confirm":true,"channel":"2ac660d5-682c-489e-928d-2482f6e7b33a","action":"_default","sent":1436934968,"from":{"_id":"993bf13f-40cb-430a-a3ea-922d49def34f","name":"Guest","created_date":1436852074,"updated_date":1436934324},"created_date":1436934968,"updated_date":1436934968,"_id":{"$id":"55a5e338f9b6d70a008b456d"}}
[July 15, 2015, 5:05 am] HAL       Hello Dave. []
[July 15, 2015, 5:05 am] HAL       I'm completely operational, and all my circuits are functioning perfectly. []
[July 15, 2015, 5:08 am] HAL       Hello Dave. []
[July 15, 2015, 5:08 am] HAL       I'm completely operational, and all my circuits are functioning perfectly. []
[July 15, 2015, 5:09 am] HAL       Hello Dave. []
[July 15, 2015, 5:09 am] HAL       I'm completely operational, and all my circuits are functioning perfectly. []
[July 15, 2015, 5:09 am] HAL       Hello Dave. []
[July 15, 2015, 5:09 am] HAL       I'm completely operational, and all my circuits are functioning perfectly. []
[July 15, 2015, 5:09 am] HAL       Hello Dave. []
[July 15, 2015, 5:09 am] HAL       I'm completely operational, and all my circuits are functioning perfectly. []
[July 15, 2015, 5:09 am] HAL       Hello Dave. []
[July 15, 2015, 5:09 am] HAL       I'm completely operational, and all my circuits are functioning perfectly. []
[July 15, 2015, 5:09 am] HAL       Hello Dave. []
[July 15, 2015, 5:09 am] HAL       I'm completely operational, and all my circuits are functioning perfectly. []
[July 15, 2015, 5:11 am] HAL       Hello Dave. []
[July 15, 2015, 5:11 am] HAL       I'm completely operational, and all my circuits are functioning perfectly. []
[July 15, 2015, 5:12 am] HAL       Hello Dave. []
[July 15, 2015, 5:12 am] HAL       I'm completely operational, and all my circuits are functioning perfectly. []
[July 15, 2015, 5:12 am] HAL       Hello Dave. []
[July 15, 2015, 5:12 am] HAL       I'm completely operational, and all my circuits are functioning perfectly. []
[July 15, 2015, 5:12 am] HAL       Hello Dave. []
[July 15, 2015, 5:12 am] HAL       I'm completely operational, and all my circuits are functioning perfectly. []
[July 15, 2015, 5:12 am] HAL       Hello Dave. []
[July 15, 2015, 5:12 am] HAL       I'm completely operational, and all my circuits are functioning perfectly. []
[July 15, 2015, 5:16 am] HAL       Hello Dave. []
[July 15, 2015, 5:16 am] HAL       I'm completely operational, and all my circuits are functioning perfectly. []
[July 15, 2015, 5:17 am] HAL       Hello Dave. []
[July 15, 2015, 5:17 am] HAL       I'm completely operational, and all my circuits are functioning perfectly. []
[July 15, 2015, 5:17 am] HAL       Hello Dave. []
[July 15, 2015, 5:17 am] HAL       I'm completely operational, and all my circuits are functioning perfectly. []
[July 15, 2015, 5:19 am] HAL       Hello Dave. []
[July 15, 2015, 5:19 am] HAL       I'm completely operational, and all my circuits are functioning perfectly. []
[July 15, 2015, 5:20 am] INFO      A new connection. {"resourceId":54,"remoteAddress":"127.0.0.1"}
[July 15, 2015, 5:20 am] INFO      Message from 993bf13f-40cb-430a-a3ea-922d49def34f to 2ac660d5-682c-489e-928d-2482f6e7b33a is valid. {"to":"2ac660d5-682c-489e-928d-2482f6e7b33a","msg":"Take me to your leader","signature":"993bf13f-40cb-430a-a3ea-922d49def34f","channel":"2ac660d5-682c-489e-928d-2482f6e7b33a","action":"_default","sent":1436937654}
[July 15, 2015, 5:20 am] HAL       Transmitting message. 993bf13f-40cb-430a-a3ea-922d49def34f->2ac660d5-682c-489e-928d-2482f6e7b33a {"resourceId":54,"remoteAddress":"127.0.0.1"}
[July 15, 2015, 5:20 am] INFO      Transmitting message. 993bf13f-40cb-430a-a3ea-922d49def34f->2ac660d5-682c-489e-928d-2482f6e7b33a {"to":"2ac660d5-682c-489e-928d-2482f6e7b33a","msg":"Take me to your leader","signature":"993bf13f-40cb-430a-a3ea-922d49def34f","channel":"2ac660d5-682c-489e-928d-2482f6e7b33a","action":"_default","sent":1436937654,"from":{"_id":"993bf13f-40cb-430a-a3ea-922d49def34f","name":"Guest","created_date":1436852074,"updated_date":1436934968},"created_date":1436937654,"updated_date":1436937654,"_id":{"$id":"55a5edb6c3a0cb0a008b4567"}}
[July 15, 2015, 5:21 am] INFO      A new connection. {"resourceId":71,"remoteAddress":"67.190.129.248"}
[July 15, 2015, 5:21 am] HAL       I'm sorry 67.190.129.248. I cannot do that. Goodbye. {"resourceId":71,"remoteAddress":"67.190.129.248"}
[July 15, 2015, 5:23 am] HAL       Hello Dave. []
[July 15, 2015, 5:23 am] HAL       I'm completely operational, and all my circuits are functioning perfectly. []
[July 15, 2015, 5:24 am] INFO      A new connection. {}
[July 15, 2015, 5:25 am] INFO      Message from 993bf13f-40cb-430a-a3ea-922d49def34f to 2ac660d5-682c-489e-928d-2482f6e7b33a is valid. {"to":"2ac660d5-682c-489e-928d-2482f6e7b33a","msg":"Take me to your leader","signature":"993bf13f-40cb-430a-a3ea-922d49def34f","confirm":true,"channel":"2ac660d5-682c-489e-928d-2482f6e7b33a","action":"_default","sent":1436937917}
[July 15, 2015, 5:25 am] HAL       Transmitting message. 993bf13f-40cb-430a-a3ea-922d49def34f->2ac660d5-682c-489e-928d-2482f6e7b33a {}
[July 15, 2015, 5:25 am] INFO      Transmitting message. 993bf13f-40cb-430a-a3ea-922d49def34f->2ac660d5-682c-489e-928d-2482f6e7b33a {"to":"2ac660d5-682c-489e-928d-2482f6e7b33a","msg":"Take me to your leader","signature":"993bf13f-40cb-430a-a3ea-922d49def34f","confirm":true,"channel":"2ac660d5-682c-489e-928d-2482f6e7b33a","action":"_default","sent":1436937917,"from":{"_id":"993bf13f-40cb-430a-a3ea-922d49def34f","name":"Guest","created_date":1436852074,"updated_date":1436937654},"created_date":1436937917,"updated_date":1436937917,"_id":{"$id":"55a5eebd419cd40a008b4567"}}
[July 15, 2015, 5:47 am] HAL       Hello Dave. []
[July 15, 2015, 5:47 am] HAL       I'm completely operational, and all my circuits are functioning perfectly. []
[July 15, 2015, 5:47 am] HAL       Hello Dave. []
[July 15, 2015, 5:47 am] HAL       I'm completely operational, and all my circuits are functioning perfectly. []
[July 15, 2015, 5:48 am] HAL       Hello Dave. []
[July 15, 2015, 5:48 am] HAL       I'm completely operational, and all my circuits are functioning perfectly. []
[July 15, 2015, 6:27 am] HAL       Hello Dave. []
[July 15, 2015, 6:27 am] HAL       I'm completely operational, and all my circuits are functioning perfectly. []
[July 15, 2015, 6:27 am] HAL       Hello Dave. []
[July 15, 2015, 6:27 am] HAL       I'm completely operational, and all my circuits are functioning perfectly. []
[July 15, 2015, 6:27 am] HAL       Hello Dave. []
[July 15, 2015, 6:27 am] HAL       I'm completely operational, and all my circuits are functioning perfectly. []
[July 15, 2015, 6:27 am] HAL       Hello Dave. []
[July 15, 2015, 6:27 am] HAL       I'm completely operational, and all my circuits are functioning perfectly. []
[July 15, 2015, 6:28 am] HAL       Hello Dave. []
[July 15, 2015, 6:28 am] HAL       I'm completely operational, and all my circuits are functioning perfectly. []
[July 15, 2015, 6:28 am] INFO      A new connection. {}
[July 15, 2015, 6:28 am] INFO      Message from 993bf13f-40cb-430a-a3ea-922d49def34f to 2ac660d5-682c-489e-928d-2482f6e7b33a is valid. {"to":"2ac660d5-682c-489e-928d-2482f6e7b33a","msg":"Take me to your leader","signature":"993bf13f-40cb-430a-a3ea-922d49def34f","confirm":true,"channel":"2ac660d5-682c-489e-928d-2482f6e7b33a","action":"_default","sent":1436941728}
[July 15, 2015, 6:28 am] HAL       Transmitting message. 993bf13f-40cb-430a-a3ea-922d49def34f->2ac660d5-682c-489e-928d-2482f6e7b33a {}
[July 15, 2015, 6:28 am] INFO      Transmitting message. 993bf13f-40cb-430a-a3ea-922d49def34f->2ac660d5-682c-489e-928d-2482f6e7b33a {"to":"2ac660d5-682c-489e-928d-2482f6e7b33a","msg":"Take me to your leader","signature":"993bf13f-40cb-430a-a3ea-922d49def34f","confirm":true,"channel":"2ac660d5-682c-489e-928d-2482f6e7b33a","action":"_default","sent":1436941728,"from":{"_id":"993bf13f-40cb-430a-a3ea-922d49def34f","name":"Guest","created_date":1436852074,"updated_date":1436937917},"created_date":1436941728,"updated_date":1436941728,"_id":{"$id":"55a5fda019be1e0c008b4567"}}
[July 15, 2015, 6:31 am] INFO      A new connection. {}
[July 15, 2015, 6:31 am] INFO      Message from 993bf13f-40cb-430a-a3ea-922d49def34f to 2ac660d5-682c-489e-928d-2482f6e7b33a is valid. {"to":"2ac660d5-682c-489e-928d-2482f6e7b33a","msg":"Take me to your leader","signature":"993bf13f-40cb-430a-a3ea-922d49def34f","channel":"2ac660d5-682c-489e-928d-2482f6e7b33a","action":"_default","sent":1436941891}
[July 15, 2015, 6:31 am] HAL       Transmitting message. 993bf13f-40cb-430a-a3ea-922d49def34f->2ac660d5-682c-489e-928d-2482f6e7b33a {}
[July 15, 2015, 6:31 am] INFO      Transmitting message. 993bf13f-40cb-430a-a3ea-922d49def34f->2ac660d5-682c-489e-928d-2482f6e7b33a {"to":"2ac660d5-682c-489e-928d-2482f6e7b33a","msg":"Take me to your leader","signature":"993bf13f-40cb-430a-a3ea-922d49def34f","channel":"2ac660d5-682c-489e-928d-2482f6e7b33a","action":"_default","sent":1436941891,"from":{"_id":"993bf13f-40cb-430a-a3ea-922d49def34f","name":"Guest","created_date":1436852074,"updated_date":1436941728},"created_date":1436941891,"updated_date":1436941891,"_id":{"$id":"55a5fe4319be1e0c008b4568"}}
[July 15, 2015, 6:32 am] INFO      A new connection. {}
[July 15, 2015, 6:32 am] INFO      Message from 993bf13f-40cb-430a-a3ea-922d49def34f to 2ac660d5-682c-489e-928d-2482f6e7b33a is valid. {"to":"2ac660d5-682c-489e-928d-2482f6e7b33a","msg":"Take me to your leader","signature":"993bf13f-40cb-430a-a3ea-922d49def34f","channel":"2ac660d5-682c-489e-928d-2482f6e7b33a","action":"_default","sent":1436941929}
[July 15, 2015, 6:32 am] HAL       Transmitting message. 993bf13f-40cb-430a-a3ea-922d49def34f->2ac660d5-682c-489e-928d-2482f6e7b33a {}
[July 15, 2015, 6:32 am] INFO      Transmitting message. 993bf13f-40cb-430a-a3ea-922d49def34f->2ac660d5-682c-489e-928d-2482f6e7b33a {"to":"2ac660d5-682c-489e-928d-2482f6e7b33a","msg":"Take me to your leader","signature":"993bf13f-40cb-430a-a3ea-922d49def34f","channel":"2ac660d5-682c-489e-928d-2482f6e7b33a","action":"_default","sent":1436941929,"from":{"_id":"993bf13f-40cb-430a-a3ea-922d49def34f","name":"Guest","created_date":1436852074,"updated_date":1436941891},"created_date":1436941929,"updated_date":1436941929,"_id":{"$id":"55a5fe6919be1e0c008b4569"}}
[July 15, 2015, 6:33 am] INFO      A new connection. {}
[July 15, 2015, 6:33 am] INFO      Message from 993bf13f-40cb-430a-a3ea-922d49def34f to 2ac660d5-682c-489e-928d-2482f6e7b33a is valid. {"to":"2ac660d5-682c-489e-928d-2482f6e7b33a","msg":"Take me to your leader","signature":"993bf13f-40cb-430a-a3ea-922d49def34f","channel":"2ac660d5-682c-489e-928d-2482f6e7b33a","action":"_default","sent":1436942030}
[July 15, 2015, 6:33 am] HAL       Transmitting message. 993bf13f-40cb-430a-a3ea-922d49def34f->2ac660d5-682c-489e-928d-2482f6e7b33a {}
[July 15, 2015, 6:33 am] INFO      Transmitting message. 993bf13f-40cb-430a-a3ea-922d49def34f->2ac660d5-682c-489e-928d-2482f6e7b33a {"to":"2ac660d5-682c-489e-928d-2482f6e7b33a","msg":"Take me to your leader","signature":"993bf13f-40cb-430a-a3ea-922d49def34f","channel":"2ac660d5-682c-489e-928d-2482f6e7b33a","action":"_default","sent":1436942030,"from":{"_id":"993bf13f-40cb-430a-a3ea-922d49def34f","name":"Guest","created_date":1436852074,"updated_date":1436941929},"created_date":1436942030,"updated_date":1436942030,"_id":{"$id":"55a5fece19be1e0c008b456a"}}
[July 15, 2015, 6:34 am] INFO      A new connection. {}
[July 15, 2015, 6:34 am] INFO      Message from 993bf13f-40cb-430a-a3ea-922d49def34f to 2ac660d5-682c-489e-928d-2482f6e7b33a is valid. {"to":"2ac660d5-682c-489e-928d-2482f6e7b33a","msg":"Take me to your leader","signature":"993bf13f-40cb-430a-a3ea-922d49def34f","channel":"2ac660d5-682c-489e-928d-2482f6e7b33a","action":"_default","sent":1436942043}
[July 15, 2015, 6:34 am] HAL       Transmitting message. 993bf13f-40cb-430a-a3ea-922d49def34f->2ac660d5-682c-489e-928d-2482f6e7b33a {}
[July 15, 2015, 6:34 am] INFO      Transmitting message. 993bf13f-40cb-430a-a3ea-922d49def34f->2ac660d5-682c-489e-928d-2482f6e7b33a {"to":"2ac660d5-682c-489e-928d-2482f6e7b33a","msg":"Take me to your leader","signature":"993bf13f-40cb-430a-a3ea-922d49def34f","channel":"2ac660d5-682c-489e-928d-2482f6e7b33a","action":"_default","sent":1436942043,"from":{"_id":"993bf13f-40cb-430a-a3ea-922d49def34f","name":"Guest","created_date":1436852074,"updated_date":1436942030},"created_date":1436942043,"updated_date":1436942043,"_id":{"$id":"55a5fedb19be1e0c008b456b"}}
[July 15, 2015, 6:34 am] INFO      A new connection. {}
[July 15, 2015, 6:34 am] INFO      Message from 993bf13f-40cb-430a-a3ea-922d49def34f to 2ac660d5-682c-489e-928d-2482f6e7b33a is valid. {"to":"2ac660d5-682c-489e-928d-2482f6e7b33a","msg":"Take me to your leader","signature":"993bf13f-40cb-430a-a3ea-922d49def34f","channel":"2ac660d5-682c-489e-928d-2482f6e7b33a","action":"_default","sent":1436942080}
[July 15, 2015, 6:34 am] HAL       Transmitting message. 993bf13f-40cb-430a-a3ea-922d49def34f->2ac660d5-682c-489e-928d-2482f6e7b33a {}
[July 15, 2015, 6:34 am] INFO      Transmitting message. 993bf13f-40cb-430a-a3ea-922d49def34f->2ac660d5-682c-489e-928d-2482f6e7b33a {"to":"2ac660d5-682c-489e-928d-2482f6e7b33a","msg":"Take me to your leader","signature":"993bf13f-40cb-430a-a3ea-922d49def34f","channel":"2ac660d5-682c-489e-928d-2482f6e7b33a","action":"_default","sent":1436942080,"from":{"_id":"993bf13f-40cb-430a-a3ea-922d49def34f","name":"Guest","created_date":1436852074,"updated_date":1436942043},"created_date":1436942080,"updated_date":1436942080,"_id":{"$id":"55a5ff0019be1e0c008b456c"}}
[July 15, 2015, 6:35 am] INFO      A new connection. {}
[July 15, 2015, 6:35 am] INFO      Message from 993bf13f-40cb-430a-a3ea-922d49def34f to 2ac660d5-682c-489e-928d-2482f6e7b33a is valid. {"to":"2ac660d5-682c-489e-928d-2482f6e7b33a","msg":"Take me to your leader","signature":"993bf13f-40cb-430a-a3ea-922d49def34f","channel":"2ac660d5-682c-489e-928d-2482f6e7b33a","action":"_default","sent":1436942105}
[July 15, 2015, 6:35 am] HAL       Transmitting message. 993bf13f-40cb-430a-a3ea-922d49def34f->2ac660d5-682c-489e-928d-2482f6e7b33a {}
[July 15, 2015, 6:35 am] INFO      Transmitting message. 993bf13f-40cb-430a-a3ea-922d49def34f->2ac660d5-682c-489e-928d-2482f6e7b33a {"to":"2ac660d5-682c-489e-928d-2482f6e7b33a","msg":"Take me to your leader","signature":"993bf13f-40cb-430a-a3ea-922d49def34f","channel":"2ac660d5-682c-489e-928d-2482f6e7b33a","action":"_default","sent":1436942105,"from":{"_id":"993bf13f-40cb-430a-a3ea-922d49def34f","name":"Guest","created_date":1436852074,"updated_date":1436942080},"created_date":1436942105,"updated_date":1436942105,"_id":{"$id":"55a5ff1919be1e0c008b456d"}}
[July 15, 2015, 6:36 am] INFO      A new connection. {}
[July 15, 2015, 6:36 am] INFO      Message from 993bf13f-40cb-430a-a3ea-922d49def34f to 2ac660d5-682c-489e-928d-2482f6e7b33a is valid. {"to":"2ac660d5-682c-489e-928d-2482f6e7b33a","msg":"Take me to your leader","signature":"993bf13f-40cb-430a-a3ea-922d49def34f","channel":"2ac660d5-682c-489e-928d-2482f6e7b33a","action":"_default","sent":1436942188}
[July 15, 2015, 6:36 am] HAL       Transmitting message. 993bf13f-40cb-430a-a3ea-922d49def34f->2ac660d5-682c-489e-928d-2482f6e7b33a {}
[July 15, 2015, 6:36 am] INFO      Transmitting message. 993bf13f-40cb-430a-a3ea-922d49def34f->2ac660d5-682c-489e-928d-2482f6e7b33a {"to":"2ac660d5-682c-489e-928d-2482f6e7b33a","msg":"Take me to your leader","signature":"993bf13f-40cb-430a-a3ea-922d49def34f","channel":"2ac660d5-682c-489e-928d-2482f6e7b33a","action":"_default","sent":1436942188,"from":{"_id":"993bf13f-40cb-430a-a3ea-922d49def34f","name":"Guest","created_date":1436852074,"updated_date":1436942105},"created_date":1436942188,"updated_date":1436942188,"_id":{"$id":"55a5ff6c19be1e0c008b456e"}}
[July 15, 2015, 6:36 am] INFO      A new connection. {}
[July 15, 2015, 6:36 am] INFO      Message from 993bf13f-40cb-430a-a3ea-922d49def34f to 2ac660d5-682c-489e-928d-2482f6e7b33a is valid. {"to":"2ac660d5-682c-489e-928d-2482f6e7b33a","msg":"Take me to your leader","signature":"993bf13f-40cb-430a-a3ea-922d49def34f","channel":"2ac660d5-682c-489e-928d-2482f6e7b33a","action":"_default","sent":1436942217}
[July 15, 2015, 6:36 am] HAL       Transmitting message. 993bf13f-40cb-430a-a3ea-922d49def34f->2ac660d5-682c-489e-928d-2482f6e7b33a {}
[July 15, 2015, 6:36 am] INFO      Transmitting message. 993bf13f-40cb-430a-a3ea-922d49def34f->2ac660d5-682c-489e-928d-2482f6e7b33a {"to":"2ac660d5-682c-489e-928d-2482f6e7b33a","msg":"Take me to your leader","signature":"993bf13f-40cb-430a-a3ea-922d49def34f","channel":"2ac660d5-682c-489e-928d-2482f6e7b33a","action":"_default","sent":1436942217,"from":{"_id":"993bf13f-40cb-430a-a3ea-922d49def34f","name":"Guest","created_date":1436852074,"updated_date":1436942188},"created_date":1436942217,"updated_date":1436942217,"_id":{"$id":"55a5ff8919be1e0c008b456f"}}
[July 15, 2015, 6:36 am] INFO      A new connection. {}
[July 15, 2015, 6:36 am] INFO      Message from 993bf13f-40cb-430a-a3ea-922d49def34f to 2ac660d5-682c-489e-928d-2482f6e7b33a is valid. {"to":"2ac660d5-682c-489e-928d-2482f6e7b33a","msg":"Take me to your leader","signature":"993bf13f-40cb-430a-a3ea-922d49def34f","channel":"2ac660d5-682c-489e-928d-2482f6e7b33a","action":"_default","sent":1436942219}
[July 15, 2015, 6:36 am] HAL       Transmitting message. 993bf13f-40cb-430a-a3ea-922d49def34f->2ac660d5-682c-489e-928d-2482f6e7b33a {}
[July 15, 2015, 6:36 am] INFO      Transmitting message. 993bf13f-40cb-430a-a3ea-922d49def34f->2ac660d5-682c-489e-928d-2482f6e7b33a {"to":"2ac660d5-682c-489e-928d-2482f6e7b33a","msg":"Take me to your leader","signature":"993bf13f-40cb-430a-a3ea-922d49def34f","channel":"2ac660d5-682c-489e-928d-2482f6e7b33a","action":"_default","sent":1436942219,"from":{"_id":"993bf13f-40cb-430a-a3ea-922d49def34f","name":"Guest","created_date":1436852074,"updated_date":1436942217},"created_date":1436942219,"updated_date":1436942219,"_id":{"$id":"55a5ff8b19be1e0c008b4570"}}
[July 15, 2015, 6:36 am] INFO      A new connection. {}
[July 15, 2015, 6:36 am] INFO      Message from 993bf13f-40cb-430a-a3ea-922d49def34f to 2ac660d5-682c-489e-928d-2482f6e7b33a is valid. {"to":"2ac660d5-682c-489e-928d-2482f6e7b33a","msg":"Take me to your leader","signature":"993bf13f-40cb-430a-a3ea-922d49def34f","channel":"2ac660d5-682c-489e-928d-2482f6e7b33a","action":"_default","sent":1436942219}
[July 15, 2015, 6:36 am] HAL       Transmitting message. 993bf13f-40cb-430a-a3ea-922d49def34f->2ac660d5-682c-489e-928d-2482f6e7b33a {}
[July 15, 2015, 6:36 am] INFO      Transmitting message. 993bf13f-40cb-430a-a3ea-922d49def34f->2ac660d5-682c-489e-928d-2482f6e7b33a {"to":"2ac660d5-682c-489e-928d-2482f6e7b33a","msg":"Take me to your leader","signature":"993bf13f-40cb-430a-a3ea-922d49def34f","channel":"2ac660d5-682c-489e-928d-2482f6e7b33a","action":"_default","sent":1436942219,"from":{"_id":"993bf13f-40cb-430a-a3ea-922d49def34f","name":"Guest","created_date":1436852074,"updated_date":1436942219},"created_date":1436942219,"updated_date":1436942219,"_id":{"$id":"55a5ff8b19be1e0c008b4571"}}
[July 15, 2015, 6:37 am] INFO      A new connection. {}
[July 15, 2015, 6:37 am] INFO      Message from 993bf13f-40cb-430a-a3ea-922d49def34f to 2ac660d5-682c-489e-928d-2482f6e7b33a is valid. {"to":"2ac660d5-682c-489e-928d-2482f6e7b33a","msg":"Take me to your leader","signature":"993bf13f-40cb-430a-a3ea-922d49def34f","channel":"2ac660d5-682c-489e-928d-2482f6e7b33a","action":"_default","sent":1436942244}
[July 15, 2015, 6:37 am] HAL       Transmitting message. 993bf13f-40cb-430a-a3ea-922d49def34f->2ac660d5-682c-489e-928d-2482f6e7b33a {}
[July 15, 2015, 6:37 am] INFO      Transmitting message. 993bf13f-40cb-430a-a3ea-922d49def34f->2ac660d5-682c-489e-928d-2482f6e7b33a {"to":"2ac660d5-682c-489e-928d-2482f6e7b33a","msg":"Take me to your leader","signature":"993bf13f-40cb-430a-a3ea-922d49def34f","channel":"2ac660d5-682c-489e-928d-2482f6e7b33a","action":"_default","sent":1436942244,"from":{"_id":"993bf13f-40cb-430a-a3ea-922d49def34f","name":"Guest","created_date":1436852074,"updated_date":1436942219},"created_date":1436942244,"updated_date":1436942244,"_id":{"$id":"55a5ffa419be1e0c008b4572"}}
[July 15, 2015, 6:37 am] INFO      A new connection. {}
[July 15, 2015, 6:37 am] INFO      Message from 993bf13f-40cb-430a-a3ea-922d49def34f to 2ac660d5-682c-489e-928d-2482f6e7b33a is valid. {"to":"2ac660d5-682c-489e-928d-2482f6e7b33a","msg":"Take me to your leader","signature":"993bf13f-40cb-430a-a3ea-922d49def34f","channel":"2ac660d5-682c-489e-928d-2482f6e7b33a","action":"_default","sent":1436942245}
[July 15, 2015, 6:37 am] HAL       Transmitting message. 993bf13f-40cb-430a-a3ea-922d49def34f->2ac660d5-682c-489e-928d-2482f6e7b33a {}
[July 15, 2015, 6:37 am] INFO      Transmitting message. 993bf13f-40cb-430a-a3ea-922d49def34f->2ac660d5-682c-489e-928d-2482f6e7b33a {"to":"2ac660d5-682c-489e-928d-2482f6e7b33a","msg":"Take me to your leader","signature":"993bf13f-40cb-430a-a3ea-922d49def34f","channel":"2ac660d5-682c-489e-928d-2482f6e7b33a","action":"_default","sent":1436942245,"from":{"_id":"993bf13f-40cb-430a-a3ea-922d49def34f","name":"Guest","created_date":1436852074,"updated_date":1436942244},"created_date":1436942245,"updated_date":1436942245,"_id":{"$id":"55a5ffa519be1e0c008b4573"}}
[July 15, 2015, 6:37 am] INFO      A new connection. {}
[July 15, 2015, 6:37 am] INFO      Message from 993bf13f-40cb-430a-a3ea-922d49def34f to 2ac660d5-682c-489e-928d-2482f6e7b33a is valid. {"to":"2ac660d5-682c-489e-928d-2482f6e7b33a","msg":"Take me to your leader","signature":"993bf13f-40cb-430a-a3ea-922d49def34f","channel":"2ac660d5-682c-489e-928d-2482f6e7b33a","action":"_default","sent":1436942246}
[July 15, 2015, 6:37 am] HAL       Transmitting message. 993bf13f-40cb-430a-a3ea-922d49def34f->2ac660d5-682c-489e-928d-2482f6e7b33a {}
[July 15, 2015, 6:37 am] INFO      Transmitting message. 993bf13f-40cb-430a-a3ea-922d49def34f->2ac660d5-682c-489e-928d-2482f6e7b33a {"to":"2ac660d5-682c-489e-928d-2482f6e7b33a","msg":"Take me to your leader","signature":"993bf13f-40cb-430a-a3ea-922d49def34f","channel":"2ac660d5-682c-489e-928d-2482f6e7b33a","action":"_default","sent":1436942246,"from":{"_id":"993bf13f-40cb-430a-a3ea-922d49def34f","name":"Guest","created_date":1436852074,"updated_date":1436942245},"created_date":1436942246,"updated_date":1436942246,"_id":{"$id":"55a5ffa619be1e0c008b4574"}}
[July 15, 2015, 6:37 am] INFO      A new connection. {}
[July 15, 2015, 6:37 am] INFO      Message from 993bf13f-40cb-430a-a3ea-922d49def34f to 2ac660d5-682c-489e-928d-2482f6e7b33a is valid. {"to":"2ac660d5-682c-489e-928d-2482f6e7b33a","msg":"Take me to your leader","signature":"993bf13f-40cb-430a-a3ea-922d49def34f","channel":"2ac660d5-682c-489e-928d-2482f6e7b33a","action":"_default","sent":1436942246}
[July 15, 2015, 6:37 am] HAL       Transmitting message. 993bf13f-40cb-430a-a3ea-922d49def34f->2ac660d5-682c-489e-928d-2482f6e7b33a {}
[July 15, 2015, 6:37 am] INFO      Transmitting message. 993bf13f-40cb-430a-a3ea-922d49def34f->2ac660d5-682c-489e-928d-2482f6e7b33a {"to":"2ac660d5-682c-489e-928d-2482f6e7b33a","msg":"Take me to your leader","signature":"993bf13f-40cb-430a-a3ea-922d49def34f","channel":"2ac660d5-682c-489e-928d-2482f6e7b33a","action":"_default","sent":1436942246,"from":{"_id":"993bf13f-40cb-430a-a3ea-922d49def34f","name":"Guest","created_date":1436852074,"updated_date":1436942246},"created_date":1436942246,"updated_date":1436942246,"_id":{"$id":"55a5ffa619be1e0c008b4575"}}
[July 15, 2015, 6:37 am] INFO      A new connection. {}
[July 15, 2015, 6:37 am] INFO      Message from 993bf13f-40cb-430a-a3ea-922d49def34f to 2ac660d5-682c-489e-928d-2482f6e7b33a is valid. {"to":"2ac660d5-682c-489e-928d-2482f6e7b33a","msg":"Take me to your leader","signature":"993bf13f-40cb-430a-a3ea-922d49def34f","channel":"2ac660d5-682c-489e-928d-2482f6e7b33a","action":"_default","sent":1436942246}
[July 15, 2015, 6:37 am] HAL       Transmitting message. 993bf13f-40cb-430a-a3ea-922d49def34f->2ac660d5-682c-489e-928d-2482f6e7b33a {}
[July 15, 2015, 6:37 am] INFO      Transmitting message. 993bf13f-40cb-430a-a3ea-922d49def34f->2ac660d5-682c-489e-928d-2482f6e7b33a {"to":"2ac660d5-682c-489e-928d-2482f6e7b33a","msg":"Take me to your leader","signature":"993bf13f-40cb-430a-a3ea-922d49def34f","channel":"2ac660d5-682c-489e-928d-2482f6e7b33a","action":"_default","sent":1436942246,"from":{"_id":"993bf13f-40cb-430a-a3ea-922d49def34f","name":"Guest","created_date":1436852074,"updated_date":1436942246},"created_date":1436942246,"updated_date":1436942246,"_id":{"$id":"55a5ffa619be1e0c008b4576"}}
[July 15, 2015, 6:37 am] INFO      A new connection. {}
[July 15, 2015, 6:37 am] INFO      Message from 993bf13f-40cb-430a-a3ea-922d49def34f to 2ac660d5-682c-489e-928d-2482f6e7b33a is valid. {"to":"2ac660d5-682c-489e-928d-2482f6e7b33a","msg":"Take me to your leader","signature":"993bf13f-40cb-430a-a3ea-922d49def34f","channel":"2ac660d5-682c-489e-928d-2482f6e7b33a","action":"_default","sent":1436942247}
[July 15, 2015, 6:37 am] HAL       Transmitting message. 993bf13f-40cb-430a-a3ea-922d49def34f->2ac660d5-682c-489e-928d-2482f6e7b33a {}
[July 15, 2015, 6:37 am] INFO      Transmitting message. 993bf13f-40cb-430a-a3ea-922d49def34f->2ac660d5-682c-489e-928d-2482f6e7b33a {"to":"2ac660d5-682c-489e-928d-2482f6e7b33a","msg":"Take me to your leader","signature":"993bf13f-40cb-430a-a3ea-922d49def34f","channel":"2ac660d5-682c-489e-928d-2482f6e7b33a","action":"_default","sent":1436942247,"from":{"_id":"993bf13f-40cb-430a-a3ea-922d49def34f","name":"Guest","created_date":1436852074,"updated_date":1436942246},"created_date":1436942247,"updated_date":1436942247,"_id":{"$id":"55a5ffa719be1e0c008b4577"}}
[July 15, 2015, 6:37 am] INFO      A new connection. {}
[July 15, 2015, 6:37 am] INFO      Message from 993bf13f-40cb-430a-a3ea-922d49def34f to 2ac660d5-682c-489e-928d-2482f6e7b33a is valid. {"to":"2ac660d5-682c-489e-928d-2482f6e7b33a","msg":"Take me to your leader","signature":"993bf13f-40cb-430a-a3ea-922d49def34f","channel":"2ac660d5-682c-489e-928d-2482f6e7b33a","action":"_default","sent":1436942247}
[July 15, 2015, 6:37 am] HAL       Transmitting message. 993bf13f-40cb-430a-a3ea-922d49def34f->2ac660d5-682c-489e-928d-2482f6e7b33a {}
[July 15, 2015, 6:37 am] INFO      Transmitting message. 993bf13f-40cb-430a-a3ea-922d49def34f->2ac660d5-682c-489e-928d-2482f6e7b33a {"to":"2ac660d5-682c-489e-928d-2482f6e7b33a","msg":"Take me to your leader","signature":"993bf13f-40cb-430a-a3ea-922d49def34f","channel":"2ac660d5-682c-489e-928d-2482f6e7b33a","action":"_default","sent":1436942247,"from":{"_id":"993bf13f-40cb-430a-a3ea-922d49def34f","name":"Guest","created_date":1436852074,"updated_date":1436942247},"created_date":1436942247,"updated_date":1436942247,"_id":{"$id":"55a5ffa719be1e0c008b4578"}}
[July 15, 2015, 6:37 am] INFO      A new connection. {}
[July 15, 2015, 6:37 am] INFO      Message from 993bf13f-40cb-430a-a3ea-922d49def34f to 2ac660d5-682c-489e-928d-2482f6e7b33a is valid. {"to":"2ac660d5-682c-489e-928d-2482f6e7b33a","msg":"Take me to your leader","signature":"993bf13f-40cb-430a-a3ea-922d49def34f","channel":"2ac660d5-682c-489e-928d-2482f6e7b33a","action":"_default","sent":1436942247}
[July 15, 2015, 6:37 am] HAL       Transmitting message. 993bf13f-40cb-430a-a3ea-922d49def34f->2ac660d5-682c-489e-928d-2482f6e7b33a {}
[July 15, 2015, 6:37 am] INFO      Transmitting message. 993bf13f-40cb-430a-a3ea-922d49def34f->2ac660d5-682c-489e-928d-2482f6e7b33a {"to":"2ac660d5-682c-489e-928d-2482f6e7b33a","msg":"Take me to your leader","signature":"993bf13f-40cb-430a-a3ea-922d49def34f","channel":"2ac660d5-682c-489e-928d-2482f6e7b33a","action":"_default","sent":1436942247,"from":{"_id":"993bf13f-40cb-430a-a3ea-922d49def34f","name":"Guest","created_date":1436852074,"updated_date":1436942247},"created_date":1436942247,"updated_date":1436942247,"_id":{"$id":"55a5ffa719be1e0c008b4579"}}
[July 15, 2015, 6:37 am] INFO      A new connection. {}
[July 15, 2015, 6:37 am] INFO      Message from 993bf13f-40cb-430a-a3ea-922d49def34f to 2ac660d5-682c-489e-928d-2482f6e7b33a is valid. {"to":"2ac660d5-682c-489e-928d-2482f6e7b33a","msg":"Take me to your leader","signature":"993bf13f-40cb-430a-a3ea-922d49def34f","channel":"2ac660d5-682c-489e-928d-2482f6e7b33a","action":"_default","sent":1436942248}
[July 15, 2015, 6:37 am] HAL       Transmitting message. 993bf13f-40cb-430a-a3ea-922d49def34f->2ac660d5-682c-489e-928d-2482f6e7b33a {}
[July 15, 2015, 6:37 am] INFO      Transmitting message. 993bf13f-40cb-430a-a3ea-922d49def34f->2ac660d5-682c-489e-928d-2482f6e7b33a {"to":"2ac660d5-682c-489e-928d-2482f6e7b33a","msg":"Take me to your leader","signature":"993bf13f-40cb-430a-a3ea-922d49def34f","channel":"2ac660d5-682c-489e-928d-2482f6e7b33a","action":"_default","sent":1436942248,"from":{"_id":"993bf13f-40cb-430a-a3ea-922d49def34f","name":"Guest","created_date":1436852074,"updated_date":1436942247},"created_date":1436942248,"updated_date":1436942248,"_id":{"$id":"55a5ffa819be1e0c008b457a"}}
[July 15, 2015, 6:37 am] INFO      A new connection. {}
[July 15, 2015, 6:37 am] INFO      Message from 993bf13f-40cb-430a-a3ea-922d49def34f to 2ac660d5-682c-489e-928d-2482f6e7b33a is valid. {"to":"2ac660d5-682c-489e-928d-2482f6e7b33a","msg":"Take me to your leader","signature":"993bf13f-40cb-430a-a3ea-922d49def34f","channel":"2ac660d5-682c-489e-928d-2482f6e7b33a","action":"_default","sent":1436942248}
[July 15, 2015, 6:37 am] HAL       Transmitting message. 993bf13f-40cb-430a-a3ea-922d49def34f->2ac660d5-682c-489e-928d-2482f6e7b33a {}
[July 15, 2015, 6:37 am] INFO      Transmitting message. 993bf13f-40cb-430a-a3ea-922d49def34f->2ac660d5-682c-489e-928d-2482f6e7b33a {"to":"2ac660d5-682c-489e-928d-2482f6e7b33a","msg":"Take me to your leader","signature":"993bf13f-40cb-430a-a3ea-922d49def34f","channel":"2ac660d5-682c-489e-928d-2482f6e7b33a","action":"_default","sent":1436942248,"from":{"_id":"993bf13f-40cb-430a-a3ea-922d49def34f","name":"Guest","created_date":1436852074,"updated_date":1436942248},"created_date":1436942248,"updated_date":1436942248,"_id":{"$id":"55a5ffa819be1e0c008b457b"}}
[July 15, 2015, 6:37 am] INFO      A new connection. {}
[July 15, 2015, 6:37 am] INFO      Message from 993bf13f-40cb-430a-a3ea-922d49def34f to 2ac660d5-682c-489e-928d-2482f6e7b33a is valid. {"to":"2ac660d5-682c-489e-928d-2482f6e7b33a","msg":"Take me to your leader","signature":"993bf13f-40cb-430a-a3ea-922d49def34f","channel":"2ac660d5-682c-489e-928d-2482f6e7b33a","action":"_default","sent":1436942248}
[July 15, 2015, 6:37 am] HAL       Transmitting message. 993bf13f-40cb-430a-a3ea-922d49def34f->2ac660d5-682c-489e-928d-2482f6e7b33a {}
[July 15, 2015, 6:37 am] INFO      Transmitting message. 993bf13f-40cb-430a-a3ea-922d49def34f->2ac660d5-682c-489e-928d-2482f6e7b33a {"to":"2ac660d5-682c-489e-928d-2482f6e7b33a","msg":"Take me to your leader","signature":"993bf13f-40cb-430a-a3ea-922d49def34f","channel":"2ac660d5-682c-489e-928d-2482f6e7b33a","action":"_default","sent":1436942248,"from":{"_id":"993bf13f-40cb-430a-a3ea-922d49def34f","name":"Guest","created_date":1436852074,"updated_date":1436942248},"created_date":1436942248,"updated_date":1436942248,"_id":{"$id":"55a5ffa819be1e0c008b457c"}}
[July 15, 2015, 6:37 am] INFO      A new connection. {}
[July 15, 2015, 6:37 am] INFO      Message from 993bf13f-40cb-430a-a3ea-922d49def34f to 2ac660d5-682c-489e-928d-2482f6e7b33a is valid. {"to":"2ac660d5-682c-489e-928d-2482f6e7b33a","msg":"Take me to your leader","signature":"993bf13f-40cb-430a-a3ea-922d49def34f","channel":"2ac660d5-682c-489e-928d-2482f6e7b33a","action":"_default","sent":1436942248}
[July 15, 2015, 6:37 am] HAL       Transmitting message. 993bf13f-40cb-430a-a3ea-922d49def34f->2ac660d5-682c-489e-928d-2482f6e7b33a {}
[July 15, 2015, 6:37 am] INFO      Transmitting message. 993bf13f-40cb-430a-a3ea-922d49def34f->2ac660d5-682c-489e-928d-2482f6e7b33a {"to":"2ac660d5-682c-489e-928d-2482f6e7b33a","msg":"Take me to your leader","signature":"993bf13f-40cb-430a-a3ea-922d49def34f","channel":"2ac660d5-682c-489e-928d-2482f6e7b33a","action":"_default","sent":1436942248,"from":{"_id":"993bf13f-40cb-430a-a3ea-922d49def34f","name":"Guest","created_date":1436852074,"updated_date":1436942248},"created_date":1436942248,"updated_date":1436942248,"_id":{"$id":"55a5ffa819be1e0c008b457d"}}
[July 15, 2015, 6:37 am] INFO      A new connection. {}
[July 15, 2015, 6:37 am] INFO      Message from 993bf13f-40cb-430a-a3ea-922d49def34f to 2ac660d5-682c-489e-928d-2482f6e7b33a is valid. {"to":"2ac660d5-682c-489e-928d-2482f6e7b33a","msg":"Take me to your leader","signature":"993bf13f-40cb-430a-a3ea-922d49def34f","channel":"2ac660d5-682c-489e-928d-2482f6e7b33a","action":"_default","sent":1436942249}
[July 15, 2015, 6:37 am] HAL       Transmitting message. 993bf13f-40cb-430a-a3ea-922d49def34f->2ac660d5-682c-489e-928d-2482f6e7b33a {}
[July 15, 2015, 6:37 am] INFO      Transmitting message. 993bf13f-40cb-430a-a3ea-922d49def34f->2ac660d5-682c-489e-928d-2482f6e7b33a {"to":"2ac660d5-682c-489e-928d-2482f6e7b33a","msg":"Take me to your leader","signature":"993bf13f-40cb-430a-a3ea-922d49def34f","channel":"2ac660d5-682c-489e-928d-2482f6e7b33a","action":"_default","sent":1436942249,"from":{"_id":"993bf13f-40cb-430a-a3ea-922d49def34f","name":"Guest","created_date":1436852074,"updated_date":1436942248},"created_date":1436942249,"updated_date":1436942249,"_id":{"$id":"55a5ffa919be1e0c008b457e"}}
[July 15, 2015, 6:37 am] INFO      A new connection. {}
[July 15, 2015, 6:37 am] INFO      Message from 993bf13f-40cb-430a-a3ea-922d49def34f to 2ac660d5-682c-489e-928d-2482f6e7b33a is valid. {"to":"2ac660d5-682c-489e-928d-2482f6e7b33a","msg":"Take me to your leader","signature":"993bf13f-40cb-430a-a3ea-922d49def34f","channel":"2ac660d5-682c-489e-928d-2482f6e7b33a","action":"_default","sent":1436942249}
[July 15, 2015, 6:37 am] HAL       Transmitting message. 993bf13f-40cb-430a-a3ea-922d49def34f->2ac660d5-682c-489e-928d-2482f6e7b33a {}
[July 15, 2015, 6:37 am] INFO      Transmitting message. 993bf13f-40cb-430a-a3ea-922d49def34f->2ac660d5-682c-489e-928d-2482f6e7b33a {"to":"2ac660d5-682c-489e-928d-2482f6e7b33a","msg":"Take me to your leader","signature":"993bf13f-40cb-430a-a3ea-922d49def34f","channel":"2ac660d5-682c-489e-928d-2482f6e7b33a","action":"_default","sent":1436942249,"from":{"_id":"993bf13f-40cb-430a-a3ea-922d49def34f","name":"Guest","created_date":1436852074,"updated_date":1436942249},"created_date":1436942249,"updated_date":1436942249,"_id":{"$id":"55a5ffa919be1e0c008b457f"}}
[July 15, 2015, 6:37 am] INFO      A new connection. {}
[July 15, 2015, 6:37 am] INFO      Message from 993bf13f-40cb-430a-a3ea-922d49def34f to 2ac660d5-682c-489e-928d-2482f6e7b33a is valid. {"to":"2ac660d5-682c-489e-928d-2482f6e7b33a","msg":"Take me to your leader","signature":"993bf13f-40cb-430a-a3ea-922d49def34f","channel":"2ac660d5-682c-489e-928d-2482f6e7b33a","action":"_default","sent":1436942249}
[July 15, 2015, 6:37 am] HAL       Transmitting message. 993bf13f-40cb-430a-a3ea-922d49def34f->2ac660d5-682c-489e-928d-2482f6e7b33a {}
[July 15, 2015, 6:37 am] INFO      Transmitting message. 993bf13f-40cb-430a-a3ea-922d49def34f->2ac660d5-682c-489e-928d-2482f6e7b33a {"to":"2ac660d5-682c-489e-928d-2482f6e7b33a","msg":"Take me to your leader","signature":"993bf13f-40cb-430a-a3ea-922d49def34f","channel":"2ac660d5-682c-489e-928d-2482f6e7b33a","action":"_default","sent":1436942249,"from":{"_id":"993bf13f-40cb-430a-a3ea-922d49def34f","name":"Guest","created_date":1436852074,"updated_date":1436942249},"created_date":1436942249,"updated_date":1436942249,"_id":{"$id":"55a5ffa919be1e0c008b4580"}}
[July 15, 2015, 6:37 am] INFO      A new connection. {}
[July 15, 2015, 6:37 am] INFO      Message from 993bf13f-40cb-430a-a3ea-922d49def34f to 2ac660d5-682c-489e-928d-2482f6e7b33a is valid. {"to":"2ac660d5-682c-489e-928d-2482f6e7b33a","msg":"Take me to your leader","signature":"993bf13f-40cb-430a-a3ea-922d49def34f","channel":"2ac660d5-682c-489e-928d-2482f6e7b33a","action":"_default","sent":1436942250}
[July 15, 2015, 6:37 am] HAL       Transmitting message. 993bf13f-40cb-430a-a3ea-922d49def34f->2ac660d5-682c-489e-928d-2482f6e7b33a {}
[July 15, 2015, 6:37 am] INFO      Transmitting message. 993bf13f-40cb-430a-a3ea-922d49def34f->2ac660d5-682c-489e-928d-2482f6e7b33a {"to":"2ac660d5-682c-489e-928d-2482f6e7b33a","msg":"Take me to your leader","signature":"993bf13f-40cb-430a-a3ea-922d49def34f","channel":"2ac660d5-682c-489e-928d-2482f6e7b33a","action":"_default","sent":1436942250,"from":{"_id":"993bf13f-40cb-430a-a3ea-922d49def34f","name":"Guest","created_date":1436852074,"updated_date":1436942249},"created_date":1436942250,"updated_date":1436942250,"_id":{"$id":"55a5ffaa19be1e0c008b4581"}}
[July 15, 2015, 6:38 am] INFO      A new connection. {}
[July 15, 2015, 6:38 am] INFO      Message from 993bf13f-40cb-430a-a3ea-922d49def34f to 2ac660d5-682c-489e-928d-2482f6e7b33a is valid. {"to":"2ac660d5-682c-489e-928d-2482f6e7b33a","msg":"Take me to your leader","signature":"993bf13f-40cb-430a-a3ea-922d49def34f","channel":"2ac660d5-682c-489e-928d-2482f6e7b33a","action":"_default","sent":1436942289}
[July 15, 2015, 6:38 am] HAL       Transmitting message. 993bf13f-40cb-430a-a3ea-922d49def34f->2ac660d5-682c-489e-928d-2482f6e7b33a {}
[July 15, 2015, 6:38 am] INFO      Transmitting message. 993bf13f-40cb-430a-a3ea-922d49def34f->2ac660d5-682c-489e-928d-2482f6e7b33a {"to":"2ac660d5-682c-489e-928d-2482f6e7b33a","msg":"Take me to your leader","signature":"993bf13f-40cb-430a-a3ea-922d49def34f","channel":"2ac660d5-682c-489e-928d-2482f6e7b33a","action":"_default","sent":1436942289,"from":{"_id":"993bf13f-40cb-430a-a3ea-922d49def34f","name":"Guest","created_date":1436852074,"updated_date":1436942250},"created_date":1436942289,"updated_date":1436942289,"_id":{"$id":"55a5ffd119be1e0c008b4582"}}
[July 15, 2015, 6:38 am] INFO      A new connection. {}
[July 15, 2015, 6:38 am] INFO      Message from 993bf13f-40cb-430a-a3ea-922d49def34f to 2ac660d5-682c-489e-928d-2482f6e7b33a is valid. {"to":"2ac660d5-682c-489e-928d-2482f6e7b33a","msg":"Take me to your leader","signature":"993bf13f-40cb-430a-a3ea-922d49def34f","channel":"2ac660d5-682c-489e-928d-2482f6e7b33a","action":"_default","sent":1436942300}
[July 15, 2015, 6:38 am] HAL       Transmitting message. 993bf13f-40cb-430a-a3ea-922d49def34f->2ac660d5-682c-489e-928d-2482f6e7b33a {}
[July 15, 2015, 6:38 am] INFO      Transmitting message. 993bf13f-40cb-430a-a3ea-922d49def34f->2ac660d5-682c-489e-928d-2482f6e7b33a {"to":"2ac660d5-682c-489e-928d-2482f6e7b33a","msg":"Take me to your leader","signature":"993bf13f-40cb-430a-a3ea-922d49def34f","channel":"2ac660d5-682c-489e-928d-2482f6e7b33a","action":"_default","sent":1436942300,"from":{"_id":"993bf13f-40cb-430a-a3ea-922d49def34f","name":"Guest","created_date":1436852074,"updated_date":1436942289},"created_date":1436942300,"updated_date":1436942300,"_id":{"$id":"55a5ffdc19be1e0c008b4583"}}
[July 15, 2015, 6:38 am] INFO      A new connection. {}
[July 15, 2015, 6:38 am] INFO      Message from 993bf13f-40cb-430a-a3ea-922d49def34f to 2ac660d5-682c-489e-928d-2482f6e7b33a is valid. {"to":"2ac660d5-682c-489e-928d-2482f6e7b33a","msg":"Take me to your leader","signature":"993bf13f-40cb-430a-a3ea-922d49def34f","channel":"2ac660d5-682c-489e-928d-2482f6e7b33a","action":"_default","sent":1436942301}
[July 15, 2015, 6:38 am] HAL       Transmitting message. 993bf13f-40cb-430a-a3ea-922d49def34f->2ac660d5-682c-489e-928d-2482f6e7b33a {}
[July 15, 2015, 6:38 am] INFO      Transmitting message. 993bf13f-40cb-430a-a3ea-922d49def34f->2ac660d5-682c-489e-928d-2482f6e7b33a {"to":"2ac660d5-682c-489e-928d-2482f6e7b33a","msg":"Take me to your leader","signature":"993bf13f-40cb-430a-a3ea-922d49def34f","channel":"2ac660d5-682c-489e-928d-2482f6e7b33a","action":"_default","sent":1436942301,"from":{"_id":"993bf13f-40cb-430a-a3ea-922d49def34f","name":"Guest","created_date":1436852074,"updated_date":1436942300},"created_date":1436942301,"updated_date":1436942301,"_id":{"$id":"55a5ffdd19be1e0c008b4584"}}
[July 15, 2015, 6:38 am] INFO      A new connection. {}
[July 15, 2015, 6:38 am] INFO      Message from 993bf13f-40cb-430a-a3ea-922d49def34f to 2ac660d5-682c-489e-928d-2482f6e7b33a is valid. {"to":"2ac660d5-682c-489e-928d-2482f6e7b33a","msg":"Take me to your leader","signature":"993bf13f-40cb-430a-a3ea-922d49def34f","channel":"2ac660d5-682c-489e-928d-2482f6e7b33a","action":"_default","sent":1436942302}
[July 15, 2015, 6:38 am] HAL       Transmitting message. 993bf13f-40cb-430a-a3ea-922d49def34f->2ac660d5-682c-489e-928d-2482f6e7b33a {}
[July 15, 2015, 6:38 am] INFO      Transmitting message. 993bf13f-40cb-430a-a3ea-922d49def34f->2ac660d5-682c-489e-928d-2482f6e7b33a {"to":"2ac660d5-682c-489e-928d-2482f6e7b33a","msg":"Take me to your leader","signature":"993bf13f-40cb-430a-a3ea-922d49def34f","channel":"2ac660d5-682c-489e-928d-2482f6e7b33a","action":"_default","sent":1436942302,"from":{"_id":"993bf13f-40cb-430a-a3ea-922d49def34f","name":"Guest","created_date":1436852074,"updated_date":1436942301},"created_date":1436942302,"updated_date":1436942302,"_id":{"$id":"55a5ffde19be1e0c008b4585"}}
[July 15, 2015, 6:38 am] INFO      A new connection. {}
[July 15, 2015, 6:38 am] INFO      Message from 993bf13f-40cb-430a-a3ea-922d49def34f to 2ac660d5-682c-489e-928d-2482f6e7b33a is valid. {"to":"2ac660d5-682c-489e-928d-2482f6e7b33a","msg":"Take me to your leader","signature":"993bf13f-40cb-430a-a3ea-922d49def34f","channel":"2ac660d5-682c-489e-928d-2482f6e7b33a","action":"_default","sent":1436942302}
[July 15, 2015, 6:38 am] HAL       Transmitting message. 993bf13f-40cb-430a-a3ea-922d49def34f->2ac660d5-682c-489e-928d-2482f6e7b33a {}
[July 15, 2015, 6:38 am] INFO      Transmitting message. 993bf13f-40cb-430a-a3ea-922d49def34f->2ac660d5-682c-489e-928d-2482f6e7b33a {"to":"2ac660d5-682c-489e-928d-2482f6e7b33a","msg":"Take me to your leader","signature":"993bf13f-40cb-430a-a3ea-922d49def34f","channel":"2ac660d5-682c-489e-928d-2482f6e7b33a","action":"_default","sent":1436942302,"from":{"_id":"993bf13f-40cb-430a-a3ea-922d49def34f","name":"Guest","created_date":1436852074,"updated_date":1436942302},"created_date":1436942302,"updated_date":1436942302,"_id":{"$id":"55a5ffde19be1e0c008b4586"}}
[July 15, 2015, 6:38 am] INFO      A new connection. {}
[July 15, 2015, 6:38 am] INFO      Message from 993bf13f-40cb-430a-a3ea-922d49def34f to 2ac660d5-682c-489e-928d-2482f6e7b33a is valid. {"to":"2ac660d5-682c-489e-928d-2482f6e7b33a","msg":"Take me to your leader","signature":"993bf13f-40cb-430a-a3ea-922d49def34f","channel":"2ac660d5-682c-489e-928d-2482f6e7b33a","action":"_default","sent":1436942302}
[July 15, 2015, 6:38 am] HAL       Transmitting message. 993bf13f-40cb-430a-a3ea-922d49def34f->2ac660d5-682c-489e-928d-2482f6e7b33a {}
[July 15, 2015, 6:38 am] INFO      Transmitting message. 993bf13f-40cb-430a-a3ea-922d49def34f->2ac660d5-682c-489e-928d-2482f6e7b33a {"to":"2ac660d5-682c-489e-928d-2482f6e7b33a","msg":"Take me to your leader","signature":"993bf13f-40cb-430a-a3ea-922d49def34f","channel":"2ac660d5-682c-489e-928d-2482f6e7b33a","action":"_default","sent":1436942302,"from":{"_id":"993bf13f-40cb-430a-a3ea-922d49def34f","name":"Guest","created_date":1436852074,"updated_date":1436942302},"created_date":1436942302,"updated_date":1436942302,"_id":{"$id":"55a5ffde19be1e0c008b4587"}}
[July 15, 2015, 6:38 am] INFO      A new connection. {}
[July 15, 2015, 6:38 am] INFO      Message from 993bf13f-40cb-430a-a3ea-922d49def34f to 2ac660d5-682c-489e-928d-2482f6e7b33a is valid. {"to":"2ac660d5-682c-489e-928d-2482f6e7b33a","msg":"Take me to your leader","signature":"993bf13f-40cb-430a-a3ea-922d49def34f","channel":"2ac660d5-682c-489e-928d-2482f6e7b33a","action":"_default","sent":1436942303}
[July 15, 2015, 6:38 am] HAL       Transmitting message. 993bf13f-40cb-430a-a3ea-922d49def34f->2ac660d5-682c-489e-928d-2482f6e7b33a {}
[July 15, 2015, 6:38 am] INFO      Transmitting message. 993bf13f-40cb-430a-a3ea-922d49def34f->2ac660d5-682c-489e-928d-2482f6e7b33a {"to":"2ac660d5-682c-489e-928d-2482f6e7b33a","msg":"Take me to your leader","signature":"993bf13f-40cb-430a-a3ea-922d49def34f","channel":"2ac660d5-682c-489e-928d-2482f6e7b33a","action":"_default","sent":1436942303,"from":{"_id":"993bf13f-40cb-430a-a3ea-922d49def34f","name":"Guest","created_date":1436852074,"updated_date":1436942302},"created_date":1436942303,"updated_date":1436942303,"_id":{"$id":"55a5ffdf19be1e0c008b4588"}}
[July 15, 2015, 6:38 am] INFO      A new connection. {}
[July 15, 2015, 6:38 am] INFO      Message from 993bf13f-40cb-430a-a3ea-922d49def34f to 2ac660d5-682c-489e-928d-2482f6e7b33a is valid. {"to":"2ac660d5-682c-489e-928d-2482f6e7b33a","msg":"Take me to your leader","signature":"993bf13f-40cb-430a-a3ea-922d49def34f","channel":"2ac660d5-682c-489e-928d-2482f6e7b33a","action":"_default","sent":1436942303}
[July 15, 2015, 6:38 am] HAL       Transmitting message. 993bf13f-40cb-430a-a3ea-922d49def34f->2ac660d5-682c-489e-928d-2482f6e7b33a {}
[July 15, 2015, 6:38 am] INFO      Transmitting message. 993bf13f-40cb-430a-a3ea-922d49def34f->2ac660d5-682c-489e-928d-2482f6e7b33a {"to":"2ac660d5-682c-489e-928d-2482f6e7b33a","msg":"Take me to your leader","signature":"993bf13f-40cb-430a-a3ea-922d49def34f","channel":"2ac660d5-682c-489e-928d-2482f6e7b33a","action":"_default","sent":1436942303,"from":{"_id":"993bf13f-40cb-430a-a3ea-922d49def34f","name":"Guest","created_date":1436852074,"updated_date":1436942303},"created_date":1436942303,"updated_date":1436942303,"_id":{"$id":"55a5ffdf19be1e0c008b4589"}}
[July 15, 2015, 6:38 am] INFO      A new connection. {}
[July 15, 2015, 6:38 am] INFO      Message from 993bf13f-40cb-430a-a3ea-922d49def34f to 2ac660d5-682c-489e-928d-2482f6e7b33a is valid. {"to":"2ac660d5-682c-489e-928d-2482f6e7b33a","msg":"Take me to your leader","signature":"993bf13f-40cb-430a-a3ea-922d49def34f","channel":"2ac660d5-682c-489e-928d-2482f6e7b33a","action":"_default","sent":1436942303}
[July 15, 2015, 6:38 am] HAL       Transmitting message. 993bf13f-40cb-430a-a3ea-922d49def34f->2ac660d5-682c-489e-928d-2482f6e7b33a {}
[July 15, 2015, 6:38 am] INFO      Transmitting message. 993bf13f-40cb-430a-a3ea-922d49def34f->2ac660d5-682c-489e-928d-2482f6e7b33a {"to":"2ac660d5-682c-489e-928d-2482f6e7b33a","msg":"Take me to your leader","signature":"993bf13f-40cb-430a-a3ea-922d49def34f","channel":"2ac660d5-682c-489e-928d-2482f6e7b33a","action":"_default","sent":1436942303,"from":{"_id":"993bf13f-40cb-430a-a3ea-922d49def34f","name":"Guest","created_date":1436852074,"updated_date":1436942303},"created_date":1436942303,"updated_date":1436942303,"_id":{"$id":"55a5ffdf19be1e0c008b458a"}}
[July 15, 2015, 6:38 am] INFO      A new connection. {}
[July 15, 2015, 6:38 am] INFO      Message from 993bf13f-40cb-430a-a3ea-922d49def34f to 2ac660d5-682c-489e-928d-2482f6e7b33a is valid. {"to":"2ac660d5-682c-489e-928d-2482f6e7b33a","msg":"Take me to your leader","signature":"993bf13f-40cb-430a-a3ea-922d49def34f","channel":"2ac660d5-682c-489e-928d-2482f6e7b33a","action":"_default","sent":1436942304}
[July 15, 2015, 6:38 am] HAL       Transmitting message. 993bf13f-40cb-430a-a3ea-922d49def34f->2ac660d5-682c-489e-928d-2482f6e7b33a {}
[July 15, 2015, 6:38 am] INFO      Transmitting message. 993bf13f-40cb-430a-a3ea-922d49def34f->2ac660d5-682c-489e-928d-2482f6e7b33a {"to":"2ac660d5-682c-489e-928d-2482f6e7b33a","msg":"Take me to your leader","signature":"993bf13f-40cb-430a-a3ea-922d49def34f","channel":"2ac660d5-682c-489e-928d-2482f6e7b33a","action":"_default","sent":1436942304,"from":{"_id":"993bf13f-40cb-430a-a3ea-922d49def34f","name":"Guest","created_date":1436852074,"updated_date":1436942303},"created_date":1436942304,"updated_date":1436942304,"_id":{"$id":"55a5ffe019be1e0c008b458b"}}
[July 15, 2015, 6:38 am] INFO      A new connection. {}
[July 15, 2015, 6:38 am] INFO      Message from 993bf13f-40cb-430a-a3ea-922d49def34f to 2ac660d5-682c-489e-928d-2482f6e7b33a is valid. {"to":"2ac660d5-682c-489e-928d-2482f6e7b33a","msg":"Take me to your leader","signature":"993bf13f-40cb-430a-a3ea-922d49def34f","channel":"2ac660d5-682c-489e-928d-2482f6e7b33a","action":"_default","sent":1436942304}
[July 15, 2015, 6:38 am] HAL       Transmitting message. 993bf13f-40cb-430a-a3ea-922d49def34f->2ac660d5-682c-489e-928d-2482f6e7b33a {}
[July 15, 2015, 6:38 am] INFO      Transmitting message. 993bf13f-40cb-430a-a3ea-922d49def34f->2ac660d5-682c-489e-928d-2482f6e7b33a {"to":"2ac660d5-682c-489e-928d-2482f6e7b33a","msg":"Take me to your leader","signature":"993bf13f-40cb-430a-a3ea-922d49def34f","channel":"2ac660d5-682c-489e-928d-2482f6e7b33a","action":"_default","sent":1436942304,"from":{"_id":"993bf13f-40cb-430a-a3ea-922d49def34f","name":"Guest","created_date":1436852074,"updated_date":1436942304},"created_date":1436942304,"updated_date":1436942304,"_id":{"$id":"55a5ffe019be1e0c008b458c"}}
[July 15, 2015, 6:38 am] INFO      A new connection. {}
[July 15, 2015, 6:38 am] INFO      Message from 993bf13f-40cb-430a-a3ea-922d49def34f to 2ac660d5-682c-489e-928d-2482f6e7b33a is valid. {"to":"2ac660d5-682c-489e-928d-2482f6e7b33a","msg":"Take me to your leader","signature":"993bf13f-40cb-430a-a3ea-922d49def34f","channel":"2ac660d5-682c-489e-928d-2482f6e7b33a","action":"_default","sent":1436942305}
[July 15, 2015, 6:38 am] HAL       Transmitting message. 993bf13f-40cb-430a-a3ea-922d49def34f->2ac660d5-682c-489e-928d-2482f6e7b33a {}
[July 15, 2015, 6:38 am] INFO      Transmitting message. 993bf13f-40cb-430a-a3ea-922d49def34f->2ac660d5-682c-489e-928d-2482f6e7b33a {"to":"2ac660d5-682c-489e-928d-2482f6e7b33a","msg":"Take me to your leader","signature":"993bf13f-40cb-430a-a3ea-922d49def34f","channel":"2ac660d5-682c-489e-928d-2482f6e7b33a","action":"_default","sent":1436942305,"from":{"_id":"993bf13f-40cb-430a-a3ea-922d49def34f","name":"Guest","created_date":1436852074,"updated_date":1436942304},"created_date":1436942305,"updated_date":1436942305,"_id":{"$id":"55a5ffe119be1e0c008b458d"}}
[July 15, 2015, 6:38 am] INFO      A new connection. {}
[July 15, 2015, 6:38 am] INFO      Message from 993bf13f-40cb-430a-a3ea-922d49def34f to 2ac660d5-682c-489e-928d-2482f6e7b33a is valid. {"to":"2ac660d5-682c-489e-928d-2482f6e7b33a","msg":"Take me to your leader","signature":"993bf13f-40cb-430a-a3ea-922d49def34f","channel":"2ac660d5-682c-489e-928d-2482f6e7b33a","action":"_default","sent":1436942306}
[July 15, 2015, 6:38 am] HAL       Transmitting message. 993bf13f-40cb-430a-a3ea-922d49def34f->2ac660d5-682c-489e-928d-2482f6e7b33a {}
[July 15, 2015, 6:38 am] INFO      Transmitting message. 993bf13f-40cb-430a-a3ea-922d49def34f->2ac660d5-682c-489e-928d-2482f6e7b33a {"to":"2ac660d5-682c-489e-928d-2482f6e7b33a","msg":"Take me to your leader","signature":"993bf13f-40cb-430a-a3ea-922d49def34f","channel":"2ac660d5-682c-489e-928d-2482f6e7b33a","action":"_default","sent":1436942306,"from":{"_id":"993bf13f-40cb-430a-a3ea-922d49def34f","name":"Guest","created_date":1436852074,"updated_date":1436942305},"created_date":1436942306,"updated_date":1436942306,"_id":{"$id":"55a5ffe219be1e0c008b458e"}}
[July 15, 2015, 6:38 am] INFO      A new connection. {}
[July 15, 2015, 6:38 am] INFO      Message from 993bf13f-40cb-430a-a3ea-922d49def34f to 2ac660d5-682c-489e-928d-2482f6e7b33a is valid. {"to":"2ac660d5-682c-489e-928d-2482f6e7b33a","msg":"Take me to your leader","signature":"993bf13f-40cb-430a-a3ea-922d49def34f","channel":"2ac660d5-682c-489e-928d-2482f6e7b33a","action":"_default","sent":1436942306}
[July 15, 2015, 6:38 am] HAL       Transmitting message. 993bf13f-40cb-430a-a3ea-922d49def34f->2ac660d5-682c-489e-928d-2482f6e7b33a {}
[July 15, 2015, 6:38 am] INFO      Transmitting message. 993bf13f-40cb-430a-a3ea-922d49def34f->2ac660d5-682c-489e-928d-2482f6e7b33a {"to":"2ac660d5-682c-489e-928d-2482f6e7b33a","msg":"Take me to your leader","signature":"993bf13f-40cb-430a-a3ea-922d49def34f","channel":"2ac660d5-682c-489e-928d-2482f6e7b33a","action":"_default","sent":1436942306,"from":{"_id":"993bf13f-40cb-430a-a3ea-922d49def34f","name":"Guest","created_date":1436852074,"updated_date":1436942306},"created_date":1436942306,"updated_date":1436942306,"_id":{"$id":"55a5ffe219be1e0c008b458f"}}
[July 15, 2015, 6:38 am] INFO      A new connection. {}
[July 15, 2015, 6:38 am] INFO      Message from 993bf13f-40cb-430a-a3ea-922d49def34f to 2ac660d5-682c-489e-928d-2482f6e7b33a is valid. {"to":"2ac660d5-682c-489e-928d-2482f6e7b33a","msg":"Take me to your leader","signature":"993bf13f-40cb-430a-a3ea-922d49def34f","channel":"2ac660d5-682c-489e-928d-2482f6e7b33a","action":"_default","sent":1436942306}
[July 15, 2015, 6:38 am] HAL       Transmitting message. 993bf13f-40cb-430a-a3ea-922d49def34f->2ac660d5-682c-489e-928d-2482f6e7b33a {}
[July 15, 2015, 6:38 am] INFO      Transmitting message. 993bf13f-40cb-430a-a3ea-922d49def34f->2ac660d5-682c-489e-928d-2482f6e7b33a {"to":"2ac660d5-682c-489e-928d-2482f6e7b33a","msg":"Take me to your leader","signature":"993bf13f-40cb-430a-a3ea-922d49def34f","channel":"2ac660d5-682c-489e-928d-2482f6e7b33a","action":"_default","sent":1436942306,"from":{"_id":"993bf13f-40cb-430a-a3ea-922d49def34f","name":"Guest","created_date":1436852074,"updated_date":1436942306},"created_date":1436942306,"updated_date":1436942306,"_id":{"$id":"55a5ffe219be1e0c008b4590"}}
[July 15, 2015, 6:38 am] INFO      A new connection. {}
[July 15, 2015, 6:38 am] INFO      Message from 993bf13f-40cb-430a-a3ea-922d49def34f to 2ac660d5-682c-489e-928d-2482f6e7b33a is valid. {"to":"2ac660d5-682c-489e-928d-2482f6e7b33a","msg":"Take me to your leader","signature":"993bf13f-40cb-430a-a3ea-922d49def34f","channel":"2ac660d5-682c-489e-928d-2482f6e7b33a","action":"_default","sent":1436942307}
[July 15, 2015, 6:38 am] HAL       Transmitting message. 993bf13f-40cb-430a-a3ea-922d49def34f->2ac660d5-682c-489e-928d-2482f6e7b33a {}
[July 15, 2015, 6:38 am] INFO      Transmitting message. 993bf13f-40cb-430a-a3ea-922d49def34f->2ac660d5-682c-489e-928d-2482f6e7b33a {"to":"2ac660d5-682c-489e-928d-2482f6e7b33a","msg":"Take me to your leader","signature":"993bf13f-40cb-430a-a3ea-922d49def34f","channel":"2ac660d5-682c-489e-928d-2482f6e7b33a","action":"_default","sent":1436942307,"from":{"_id":"993bf13f-40cb-430a-a3ea-922d49def34f","name":"Guest","created_date":1436852074,"updated_date":1436942306},"created_date":1436942307,"updated_date":1436942307,"_id":{"$id":"55a5ffe319be1e0c008b4591"}}
[July 15, 2015, 6:38 am] INFO      A new connection. {}
[July 15, 2015, 6:38 am] INFO      Message from 993bf13f-40cb-430a-a3ea-922d49def34f to 2ac660d5-682c-489e-928d-2482f6e7b33a is valid. {"to":"2ac660d5-682c-489e-928d-2482f6e7b33a","msg":"Take me to your leader","signature":"993bf13f-40cb-430a-a3ea-922d49def34f","channel":"2ac660d5-682c-489e-928d-2482f6e7b33a","action":"_default","sent":1436942307}
[July 15, 2015, 6:38 am] HAL       Transmitting message. 993bf13f-40cb-430a-a3ea-922d49def34f->2ac660d5-682c-489e-928d-2482f6e7b33a {}
[July 15, 2015, 6:38 am] INFO      Transmitting message. 993bf13f-40cb-430a-a3ea-922d49def34f->2ac660d5-682c-489e-928d-2482f6e7b33a {"to":"2ac660d5-682c-489e-928d-2482f6e7b33a","msg":"Take me to your leader","signature":"993bf13f-40cb-430a-a3ea-922d49def34f","channel":"2ac660d5-682c-489e-928d-2482f6e7b33a","action":"_default","sent":1436942307,"from":{"_id":"993bf13f-40cb-430a-a3ea-922d49def34f","name":"Guest","created_date":1436852074,"updated_date":1436942307},"created_date":1436942307,"updated_date":1436942307,"_id":{"$id":"55a5ffe319be1e0c008b4592"}}
[July 15, 2015, 6:38 am] INFO      A new connection. {}
[July 15, 2015, 6:38 am] INFO      Message from 993bf13f-40cb-430a-a3ea-922d49def34f to 2ac660d5-682c-489e-928d-2482f6e7b33a is valid. {"to":"2ac660d5-682c-489e-928d-2482f6e7b33a","msg":"Take me to your leader","signature":"993bf13f-40cb-430a-a3ea-922d49def34f","channel":"2ac660d5-682c-489e-928d-2482f6e7b33a","action":"_default","sent":1436942308}
[July 15, 2015, 6:38 am] HAL       Transmitting message. 993bf13f-40cb-430a-a3ea-922d49def34f->2ac660d5-682c-489e-928d-2482f6e7b33a {}
[July 15, 2015, 6:38 am] INFO      Transmitting message. 993bf13f-40cb-430a-a3ea-922d49def34f->2ac660d5-682c-489e-928d-2482f6e7b33a {"to":"2ac660d5-682c-489e-928d-2482f6e7b33a","msg":"Take me to your leader","signature":"993bf13f-40cb-430a-a3ea-922d49def34f","channel":"2ac660d5-682c-489e-928d-2482f6e7b33a","action":"_default","sent":1436942308,"from":{"_id":"993bf13f-40cb-430a-a3ea-922d49def34f","name":"Guest","created_date":1436852074,"updated_date":1436942307},"created_date":1436942308,"updated_date":1436942308,"_id":{"$id":"55a5ffe419be1e0c008b4593"}}
[July 15, 2015, 6:38 am] INFO      A new connection. {}
[July 15, 2015, 6:38 am] INFO      Message from 993bf13f-40cb-430a-a3ea-922d49def34f to 2ac660d5-682c-489e-928d-2482f6e7b33a is valid. {"to":"2ac660d5-682c-489e-928d-2482f6e7b33a","msg":"Take me to your leader","signature":"993bf13f-40cb-430a-a3ea-922d49def34f","channel":"2ac660d5-682c-489e-928d-2482f6e7b33a","action":"_default","sent":1436942308}
[July 15, 2015, 6:38 am] HAL       Transmitting message. 993bf13f-40cb-430a-a3ea-922d49def34f->2ac660d5-682c-489e-928d-2482f6e7b33a {}
[July 15, 2015, 6:38 am] INFO      Transmitting message. 993bf13f-40cb-430a-a3ea-922d49def34f->2ac660d5-682c-489e-928d-2482f6e7b33a {"to":"2ac660d5-682c-489e-928d-2482f6e7b33a","msg":"Take me to your leader","signature":"993bf13f-40cb-430a-a3ea-922d49def34f","channel":"2ac660d5-682c-489e-928d-2482f6e7b33a","action":"_default","sent":1436942308,"from":{"_id":"993bf13f-40cb-430a-a3ea-922d49def34f","name":"Guest","created_date":1436852074,"updated_date":1436942308},"created_date":1436942308,"updated_date":1436942308,"_id":{"$id":"55a5ffe419be1e0c008b4594"}}
[July 15, 2015, 6:38 am] INFO      A new connection. {}
[July 15, 2015, 6:38 am] INFO      Message from 993bf13f-40cb-430a-a3ea-922d49def34f to 2ac660d5-682c-489e-928d-2482f6e7b33a is valid. {"to":"2ac660d5-682c-489e-928d-2482f6e7b33a","msg":"Take me to your leader","signature":"993bf13f-40cb-430a-a3ea-922d49def34f","channel":"2ac660d5-682c-489e-928d-2482f6e7b33a","action":"_default","sent":1436942308}
[July 15, 2015, 6:38 am] HAL       Transmitting message. 993bf13f-40cb-430a-a3ea-922d49def34f->2ac660d5-682c-489e-928d-2482f6e7b33a {}
[July 15, 2015, 6:38 am] INFO      Transmitting message. 993bf13f-40cb-430a-a3ea-922d49def34f->2ac660d5-682c-489e-928d-2482f6e7b33a {"to":"2ac660d5-682c-489e-928d-2482f6e7b33a","msg":"Take me to your leader","signature":"993bf13f-40cb-430a-a3ea-922d49def34f","channel":"2ac660d5-682c-489e-928d-2482f6e7b33a","action":"_default","sent":1436942308,"from":{"_id":"993bf13f-40cb-430a-a3ea-922d49def34f","name":"Guest","created_date":1436852074,"updated_date":1436942308},"created_date":1436942308,"updated_date":1436942308,"_id":{"$id":"55a5ffe419be1e0c008b4595"}}
[July 15, 2015, 6:38 am] INFO      A new connection. {}
[July 15, 2015, 6:38 am] INFO      Message from 993bf13f-40cb-430a-a3ea-922d49def34f to 2ac660d5-682c-489e-928d-2482f6e7b33a is valid. {"to":"2ac660d5-682c-489e-928d-2482f6e7b33a","msg":"Take me to your leader","signature":"993bf13f-40cb-430a-a3ea-922d49def34f","channel":"2ac660d5-682c-489e-928d-2482f6e7b33a","action":"_default","sent":1436942309}
[July 15, 2015, 6:38 am] HAL       Transmitting message. 993bf13f-40cb-430a-a3ea-922d49def34f->2ac660d5-682c-489e-928d-2482f6e7b33a {}
[July 15, 2015, 6:38 am] INFO      Transmitting message. 993bf13f-40cb-430a-a3ea-922d49def34f->2ac660d5-682c-489e-928d-2482f6e7b33a {"to":"2ac660d5-682c-489e-928d-2482f6e7b33a","msg":"Take me to your leader","signature":"993bf13f-40cb-430a-a3ea-922d49def34f","channel":"2ac660d5-682c-489e-928d-2482f6e7b33a","action":"_default","sent":1436942309,"from":{"_id":"993bf13f-40cb-430a-a3ea-922d49def34f","name":"Guest","created_date":1436852074,"updated_date":1436942308},"created_date":1436942309,"updated_date":1436942309,"_id":{"$id":"55a5ffe519be1e0c008b4596"}}
[July 15, 2015, 6:48 am] INFO      A new connection. {}
[July 15, 2015, 6:50 am] INFO      A new connection. {}
[July 15, 2015, 6:50 am] INFO      A new connection. {}
[July 15, 2015, 6:50 am] INFO      A new connection. {}
[July 15, 2015, 6:50 am] INFO      A new connection. {}
[July 15, 2015, 6:50 am] INFO      A new connection. {}
[July 15, 2015, 6:50 am] INFO      Message from 993bf13f-40cb-430a-a3ea-922d49def34f to 2ac660d5-682c-489e-928d-2482f6e7b33a is valid. {"to":"2ac660d5-682c-489e-928d-2482f6e7b33a","msg":"Take me to your leader","signature":"993bf13f-40cb-430a-a3ea-922d49def34f","channel":"2ac660d5-682c-489e-928d-2482f6e7b33a","action":"_default","sent":1436943033}
[July 15, 2015, 6:50 am] HAL       Transmitting message. 993bf13f-40cb-430a-a3ea-922d49def34f->2ac660d5-682c-489e-928d-2482f6e7b33a {}
[July 15, 2015, 6:50 am] INFO      Transmitting message. 993bf13f-40cb-430a-a3ea-922d49def34f->2ac660d5-682c-489e-928d-2482f6e7b33a {"to":"2ac660d5-682c-489e-928d-2482f6e7b33a","msg":"Take me to your leader","signature":"993bf13f-40cb-430a-a3ea-922d49def34f","channel":"2ac660d5-682c-489e-928d-2482f6e7b33a","action":"_default","sent":1436943033,"from":{"_id":"993bf13f-40cb-430a-a3ea-922d49def34f","name":"Guest","created_date":1436852074,"updated_date":1436942309},"created_date":1436943033,"updated_date":1436943033,"_id":{"$id":"55a602b919be1e0c008b4597"}}
[July 15, 2015, 6:50 am] INFO      A new connection. {}
[July 15, 2015, 6:50 am] INFO      Message from 993bf13f-40cb-430a-a3ea-922d49def34f to 2ac660d5-682c-489e-928d-2482f6e7b33a is valid. {"to":"2ac660d5-682c-489e-928d-2482f6e7b33a","msg":"Take me to your leader","signature":"993bf13f-40cb-430a-a3ea-922d49def34f","channel":"2ac660d5-682c-489e-928d-2482f6e7b33a","action":"_default","sent":1436943036}
[July 15, 2015, 6:50 am] HAL       Transmitting message. 993bf13f-40cb-430a-a3ea-922d49def34f->2ac660d5-682c-489e-928d-2482f6e7b33a {}
[July 15, 2015, 6:50 am] INFO      Transmitting message. 993bf13f-40cb-430a-a3ea-922d49def34f->2ac660d5-682c-489e-928d-2482f6e7b33a {"to":"2ac660d5-682c-489e-928d-2482f6e7b33a","msg":"Take me to your leader","signature":"993bf13f-40cb-430a-a3ea-922d49def34f","channel":"2ac660d5-682c-489e-928d-2482f6e7b33a","action":"_default","sent":1436943036,"from":{"_id":"993bf13f-40cb-430a-a3ea-922d49def34f","name":"Guest","created_date":1436852074,"updated_date":1436943033},"created_date":1436943036,"updated_date":1436943036,"_id":{"$id":"55a602bc19be1e0c008b4598"}}
[July 15, 2015, 6:50 am] INFO      A new connection. {}
[July 15, 2015, 6:50 am] INFO      Message from 993bf13f-40cb-430a-a3ea-922d49def34f to 2ac660d5-682c-489e-928d-2482f6e7b33a is valid. {"to":"2ac660d5-682c-489e-928d-2482f6e7b33a","msg":"Take me to your leader","signature":"993bf13f-40cb-430a-a3ea-922d49def34f","channel":"2ac660d5-682c-489e-928d-2482f6e7b33a","action":"_default","sent":1436943037}
[July 15, 2015, 6:50 am] HAL       Transmitting message. 993bf13f-40cb-430a-a3ea-922d49def34f->2ac660d5-682c-489e-928d-2482f6e7b33a {}
[July 15, 2015, 6:50 am] INFO      Transmitting message. 993bf13f-40cb-430a-a3ea-922d49def34f->2ac660d5-682c-489e-928d-2482f6e7b33a {"to":"2ac660d5-682c-489e-928d-2482f6e7b33a","msg":"Take me to your leader","signature":"993bf13f-40cb-430a-a3ea-922d49def34f","channel":"2ac660d5-682c-489e-928d-2482f6e7b33a","action":"_default","sent":1436943037,"from":{"_id":"993bf13f-40cb-430a-a3ea-922d49def34f","name":"Guest","created_date":1436852074,"updated_date":1436943036},"created_date":1436943037,"updated_date":1436943037,"_id":{"$id":"55a602bd19be1e0c008b4599"}}
[July 15, 2015, 6:50 am] INFO      A new connection. {}
[July 15, 2015, 6:50 am] INFO      Message from 993bf13f-40cb-430a-a3ea-922d49def34f to 2ac660d5-682c-489e-928d-2482f6e7b33a is valid. {"to":"2ac660d5-682c-489e-928d-2482f6e7b33a","msg":"Take me to your leader","signature":"993bf13f-40cb-430a-a3ea-922d49def34f","channel":"2ac660d5-682c-489e-928d-2482f6e7b33a","action":"_default","sent":1436943038}
[July 15, 2015, 6:50 am] HAL       Transmitting message. 993bf13f-40cb-430a-a3ea-922d49def34f->2ac660d5-682c-489e-928d-2482f6e7b33a {}
[July 15, 2015, 6:50 am] INFO      Transmitting message. 993bf13f-40cb-430a-a3ea-922d49def34f->2ac660d5-682c-489e-928d-2482f6e7b33a {"to":"2ac660d5-682c-489e-928d-2482f6e7b33a","msg":"Take me to your leader","signature":"993bf13f-40cb-430a-a3ea-922d49def34f","channel":"2ac660d5-682c-489e-928d-2482f6e7b33a","action":"_default","sent":1436943038,"from":{"_id":"993bf13f-40cb-430a-a3ea-922d49def34f","name":"Guest","created_date":1436852074,"updated_date":1436943037},"created_date":1436943038,"updated_date":1436943038,"_id":{"$id":"55a602be19be1e0c008b459a"}}
[July 15, 2015, 6:50 am] INFO      A new connection. {}
[July 15, 2015, 6:50 am] INFO      Message from 993bf13f-40cb-430a-a3ea-922d49def34f to 2ac660d5-682c-489e-928d-2482f6e7b33a is valid. {"to":"2ac660d5-682c-489e-928d-2482f6e7b33a","msg":"Take me to your leader","signature":"993bf13f-40cb-430a-a3ea-922d49def34f","channel":"2ac660d5-682c-489e-928d-2482f6e7b33a","action":"_default","sent":1436943039}
[July 15, 2015, 6:50 am] HAL       Transmitting message. 993bf13f-40cb-430a-a3ea-922d49def34f->2ac660d5-682c-489e-928d-2482f6e7b33a {}
[July 15, 2015, 6:50 am] INFO      Transmitting message. 993bf13f-40cb-430a-a3ea-922d49def34f->2ac660d5-682c-489e-928d-2482f6e7b33a {"to":"2ac660d5-682c-489e-928d-2482f6e7b33a","msg":"Take me to your leader","signature":"993bf13f-40cb-430a-a3ea-922d49def34f","channel":"2ac660d5-682c-489e-928d-2482f6e7b33a","action":"_default","sent":1436943039,"from":{"_id":"993bf13f-40cb-430a-a3ea-922d49def34f","name":"Guest","created_date":1436852074,"updated_date":1436943038},"created_date":1436943039,"updated_date":1436943039,"_id":{"$id":"55a602bf19be1e0c008b459b"}}
[July 15, 2015, 6:50 am] INFO      A new connection. {}
[July 15, 2015, 6:50 am] INFO      Message from 993bf13f-40cb-430a-a3ea-922d49def34f to 2ac660d5-682c-489e-928d-2482f6e7b33a is valid. {"to":"2ac660d5-682c-489e-928d-2482f6e7b33a","msg":"Take me to your leader","signature":"993bf13f-40cb-430a-a3ea-922d49def34f","channel":"2ac660d5-682c-489e-928d-2482f6e7b33a","action":"_default","sent":1436943040}
[July 15, 2015, 6:50 am] HAL       Transmitting message. 993bf13f-40cb-430a-a3ea-922d49def34f->2ac660d5-682c-489e-928d-2482f6e7b33a {}
[July 15, 2015, 6:50 am] INFO      Transmitting message. 993bf13f-40cb-430a-a3ea-922d49def34f->2ac660d5-682c-489e-928d-2482f6e7b33a {"to":"2ac660d5-682c-489e-928d-2482f6e7b33a","msg":"Take me to your leader","signature":"993bf13f-40cb-430a-a3ea-922d49def34f","channel":"2ac660d5-682c-489e-928d-2482f6e7b33a","action":"_default","sent":1436943040,"from":{"_id":"993bf13f-40cb-430a-a3ea-922d49def34f","name":"Guest","created_date":1436852074,"updated_date":1436943039},"created_date":1436943040,"updated_date":1436943040,"_id":{"$id":"55a602c019be1e0c008b459c"}}
[July 15, 2015, 6:50 am] INFO      A new connection. {}
[July 15, 2015, 6:50 am] INFO      Message from 993bf13f-40cb-430a-a3ea-922d49def34f to 2ac660d5-682c-489e-928d-2482f6e7b33a is valid. {"to":"2ac660d5-682c-489e-928d-2482f6e7b33a","msg":"Take me to your leader","signature":"993bf13f-40cb-430a-a3ea-922d49def34f","channel":"2ac660d5-682c-489e-928d-2482f6e7b33a","action":"_default","sent":1436943040}
[July 15, 2015, 6:50 am] HAL       Transmitting message. 993bf13f-40cb-430a-a3ea-922d49def34f->2ac660d5-682c-489e-928d-2482f6e7b33a {}
[July 15, 2015, 6:50 am] INFO      Transmitting message. 993bf13f-40cb-430a-a3ea-922d49def34f->2ac660d5-682c-489e-928d-2482f6e7b33a {"to":"2ac660d5-682c-489e-928d-2482f6e7b33a","msg":"Take me to your leader","signature":"993bf13f-40cb-430a-a3ea-922d49def34f","channel":"2ac660d5-682c-489e-928d-2482f6e7b33a","action":"_default","sent":1436943040,"from":{"_id":"993bf13f-40cb-430a-a3ea-922d49def34f","name":"Guest","created_date":1436852074,"updated_date":1436943040},"created_date":1436943040,"updated_date":1436943040,"_id":{"$id":"55a602c019be1e0c008b459d"}}
[July 15, 2015, 6:50 am] INFO      A new connection. {}
[July 15, 2015, 6:50 am] INFO      Message from 993bf13f-40cb-430a-a3ea-922d49def34f to 2ac660d5-682c-489e-928d-2482f6e7b33a is valid. {"to":"2ac660d5-682c-489e-928d-2482f6e7b33a","msg":"Take me to your leader","signature":"993bf13f-40cb-430a-a3ea-922d49def34f","channel":"2ac660d5-682c-489e-928d-2482f6e7b33a","action":"_default","sent":1436943041}
[July 15, 2015, 6:50 am] HAL       Transmitting message. 993bf13f-40cb-430a-a3ea-922d49def34f->2ac660d5-682c-489e-928d-2482f6e7b33a {}
[July 15, 2015, 6:50 am] INFO      Transmitting message. 993bf13f-40cb-430a-a3ea-922d49def34f->2ac660d5-682c-489e-928d-2482f6e7b33a {"to":"2ac660d5-682c-489e-928d-2482f6e7b33a","msg":"Take me to your leader","signature":"993bf13f-40cb-430a-a3ea-922d49def34f","channel":"2ac660d5-682c-489e-928d-2482f6e7b33a","action":"_default","sent":1436943041,"from":{"_id":"993bf13f-40cb-430a-a3ea-922d49def34f","name":"Guest","created_date":1436852074,"updated_date":1436943040},"created_date":1436943041,"updated_date":1436943041,"_id":{"$id":"55a602c119be1e0c008b459e"}}
[July 15, 2015, 6:50 am] INFO      A new connection. {}
[July 15, 2015, 6:50 am] INFO      Message from 993bf13f-40cb-430a-a3ea-922d49def34f to 2ac660d5-682c-489e-928d-2482f6e7b33a is valid. {"to":"2ac660d5-682c-489e-928d-2482f6e7b33a","msg":"Take me to your leader","signature":"993bf13f-40cb-430a-a3ea-922d49def34f","channel":"2ac660d5-682c-489e-928d-2482f6e7b33a","action":"_default","sent":1436943042}
[July 15, 2015, 6:50 am] HAL       Transmitting message. 993bf13f-40cb-430a-a3ea-922d49def34f->2ac660d5-682c-489e-928d-2482f6e7b33a {}
[July 15, 2015, 6:50 am] INFO      Transmitting message. 993bf13f-40cb-430a-a3ea-922d49def34f->2ac660d5-682c-489e-928d-2482f6e7b33a {"to":"2ac660d5-682c-489e-928d-2482f6e7b33a","msg":"Take me to your leader","signature":"993bf13f-40cb-430a-a3ea-922d49def34f","channel":"2ac660d5-682c-489e-928d-2482f6e7b33a","action":"_default","sent":1436943042,"from":{"_id":"993bf13f-40cb-430a-a3ea-922d49def34f","name":"Guest","created_date":1436852074,"updated_date":1436943041},"created_date":1436943042,"updated_date":1436943042,"_id":{"$id":"55a602c219be1e0c008b459f"}}
[July 15, 2015, 6:50 am] INFO      A new connection. {}
[July 15, 2015, 6:50 am] INFO      Message from 993bf13f-40cb-430a-a3ea-922d49def34f to 2ac660d5-682c-489e-928d-2482f6e7b33a is valid. {"to":"2ac660d5-682c-489e-928d-2482f6e7b33a","msg":"Take me to your leader","signature":"993bf13f-40cb-430a-a3ea-922d49def34f","channel":"2ac660d5-682c-489e-928d-2482f6e7b33a","action":"_default","sent":1436943050}
[July 15, 2015, 6:50 am] HAL       Transmitting message. 993bf13f-40cb-430a-a3ea-922d49def34f->2ac660d5-682c-489e-928d-2482f6e7b33a {}
[July 15, 2015, 6:50 am] INFO      Transmitting message. 993bf13f-40cb-430a-a3ea-922d49def34f->2ac660d5-682c-489e-928d-2482f6e7b33a {"to":"2ac660d5-682c-489e-928d-2482f6e7b33a","msg":"Take me to your leader","signature":"993bf13f-40cb-430a-a3ea-922d49def34f","channel":"2ac660d5-682c-489e-928d-2482f6e7b33a","action":"_default","sent":1436943050,"from":{"_id":"993bf13f-40cb-430a-a3ea-922d49def34f","name":"Guest","created_date":1436852074,"updated_date":1436943042},"created_date":1436943050,"updated_date":1436943050,"_id":{"$id":"55a602ca19be1e0c008b45a0"}}
[July 15, 2015, 6:52 am] INFO      A new connection. {}
[July 15, 2015, 6:52 am] INFO      Message from 993bf13f-40cb-430a-a3ea-922d49def34f to 2ac660d5-682c-489e-928d-2482f6e7b33a is valid. {"to":"2ac660d5-682c-489e-928d-2482f6e7b33a","msg":"Take me to your leader","signature":"993bf13f-40cb-430a-a3ea-922d49def34f","channel":"2ac660d5-682c-489e-928d-2482f6e7b33a","action":"_default","sent":1436943154}
[July 15, 2015, 6:52 am] HAL       Transmitting message. 993bf13f-40cb-430a-a3ea-922d49def34f->2ac660d5-682c-489e-928d-2482f6e7b33a {}
[July 15, 2015, 6:52 am] INFO      Transmitting message. 993bf13f-40cb-430a-a3ea-922d49def34f->2ac660d5-682c-489e-928d-2482f6e7b33a {"to":"2ac660d5-682c-489e-928d-2482f6e7b33a","msg":"Take me to your leader","signature":"993bf13f-40cb-430a-a3ea-922d49def34f","channel":"2ac660d5-682c-489e-928d-2482f6e7b33a","action":"_default","sent":1436943154,"from":{"_id":"993bf13f-40cb-430a-a3ea-922d49def34f","name":"Guest","created_date":1436852074,"updated_date":1436943050},"created_date":1436943154,"updated_date":1436943154,"_id":{"$id":"55a6033219be1e0c008b45a1"}}
[July 15, 2015, 6:52 am] INFO      A new connection. {}
[July 15, 2015, 6:52 am] INFO      Message from 993bf13f-40cb-430a-a3ea-922d49def34f to 2ac660d5-682c-489e-928d-2482f6e7b33a is valid. {"to":"2ac660d5-682c-489e-928d-2482f6e7b33a","msg":"Take me to your leader","signature":"993bf13f-40cb-430a-a3ea-922d49def34f","channel":"2ac660d5-682c-489e-928d-2482f6e7b33a","action":"_default","sent":1436943155}
[July 15, 2015, 6:52 am] HAL       Transmitting message. 993bf13f-40cb-430a-a3ea-922d49def34f->2ac660d5-682c-489e-928d-2482f6e7b33a {}
[July 15, 2015, 6:52 am] INFO      Transmitting message. 993bf13f-40cb-430a-a3ea-922d49def34f->2ac660d5-682c-489e-928d-2482f6e7b33a {"to":"2ac660d5-682c-489e-928d-2482f6e7b33a","msg":"Take me to your leader","signature":"993bf13f-40cb-430a-a3ea-922d49def34f","channel":"2ac660d5-682c-489e-928d-2482f6e7b33a","action":"_default","sent":1436943155,"from":{"_id":"993bf13f-40cb-430a-a3ea-922d49def34f","name":"Guest","created_date":1436852074,"updated_date":1436943154},"created_date":1436943155,"updated_date":1436943155,"_id":{"$id":"55a6033319be1e0c008b45a2"}}
[July 15, 2015, 6:52 am] INFO      A new connection. {}
[July 15, 2015, 6:52 am] INFO      Message from 993bf13f-40cb-430a-a3ea-922d49def34f to 2ac660d5-682c-489e-928d-2482f6e7b33a is valid. {"to":"2ac660d5-682c-489e-928d-2482f6e7b33a","msg":"Take me to your leader","signature":"993bf13f-40cb-430a-a3ea-922d49def34f","channel":"2ac660d5-682c-489e-928d-2482f6e7b33a","action":"_default","sent":1436943156}
[July 15, 2015, 6:52 am] HAL       Transmitting message. 993bf13f-40cb-430a-a3ea-922d49def34f->2ac660d5-682c-489e-928d-2482f6e7b33a {}
[July 15, 2015, 6:52 am] INFO      Transmitting message. 993bf13f-40cb-430a-a3ea-922d49def34f->2ac660d5-682c-489e-928d-2482f6e7b33a {"to":"2ac660d5-682c-489e-928d-2482f6e7b33a","msg":"Take me to your leader","signature":"993bf13f-40cb-430a-a3ea-922d49def34f","channel":"2ac660d5-682c-489e-928d-2482f6e7b33a","action":"_default","sent":1436943156,"from":{"_id":"993bf13f-40cb-430a-a3ea-922d49def34f","name":"Guest","created_date":1436852074,"updated_date":1436943155},"created_date":1436943156,"updated_date":1436943156,"_id":{"$id":"55a6033419be1e0c008b45a3"}}
[July 15, 2015, 6:52 am] INFO      A new connection. {}
[July 15, 2015, 6:52 am] INFO      Message from 993bf13f-40cb-430a-a3ea-922d49def34f to 2ac660d5-682c-489e-928d-2482f6e7b33a is valid. {"to":"2ac660d5-682c-489e-928d-2482f6e7b33a","msg":"Take me to your leader","signature":"993bf13f-40cb-430a-a3ea-922d49def34f","channel":"2ac660d5-682c-489e-928d-2482f6e7b33a","action":"_default","sent":1436943157}
[July 15, 2015, 6:52 am] HAL       Transmitting message. 993bf13f-40cb-430a-a3ea-922d49def34f->2ac660d5-682c-489e-928d-2482f6e7b33a {}
[July 15, 2015, 6:52 am] INFO      Transmitting message. 993bf13f-40cb-430a-a3ea-922d49def34f->2ac660d5-682c-489e-928d-2482f6e7b33a {"to":"2ac660d5-682c-489e-928d-2482f6e7b33a","msg":"Take me to your leader","signature":"993bf13f-40cb-430a-a3ea-922d49def34f","channel":"2ac660d5-682c-489e-928d-2482f6e7b33a","action":"_default","sent":1436943157,"from":{"_id":"993bf13f-40cb-430a-a3ea-922d49def34f","name":"Guest","created_date":1436852074,"updated_date":1436943156},"created_date":1436943157,"updated_date":1436943157,"_id":{"$id":"55a6033519be1e0c008b45a4"}}
[July 15, 2015, 6:52 am] INFO      A new connection. {}
[July 15, 2015, 6:52 am] INFO      Message from 993bf13f-40cb-430a-a3ea-922d49def34f to 2ac660d5-682c-489e-928d-2482f6e7b33a is valid. {"to":"2ac660d5-682c-489e-928d-2482f6e7b33a","msg":"Take me to your leader","signature":"993bf13f-40cb-430a-a3ea-922d49def34f","channel":"2ac660d5-682c-489e-928d-2482f6e7b33a","action":"_default","sent":1436943158}
[July 15, 2015, 6:52 am] HAL       Transmitting message. 993bf13f-40cb-430a-a3ea-922d49def34f->2ac660d5-682c-489e-928d-2482f6e7b33a {}
[July 15, 2015, 6:52 am] INFO      Transmitting message. 993bf13f-40cb-430a-a3ea-922d49def34f->2ac660d5-682c-489e-928d-2482f6e7b33a {"to":"2ac660d5-682c-489e-928d-2482f6e7b33a","msg":"Take me to your leader","signature":"993bf13f-40cb-430a-a3ea-922d49def34f","channel":"2ac660d5-682c-489e-928d-2482f6e7b33a","action":"_default","sent":1436943158,"from":{"_id":"993bf13f-40cb-430a-a3ea-922d49def34f","name":"Guest","created_date":1436852074,"updated_date":1436943157},"created_date":1436943158,"updated_date":1436943158,"_id":{"$id":"55a6033619be1e0c008b45a5"}}
[July 15, 2015, 6:52 am] INFO      A new connection. {}
[July 15, 2015, 6:52 am] INFO      Message from 993bf13f-40cb-430a-a3ea-922d49def34f to 2ac660d5-682c-489e-928d-2482f6e7b33a is valid. {"to":"2ac660d5-682c-489e-928d-2482f6e7b33a","msg":"Take me to your leader","signature":"993bf13f-40cb-430a-a3ea-922d49def34f","channel":"2ac660d5-682c-489e-928d-2482f6e7b33a","action":"_default","sent":1436943160}
[July 15, 2015, 6:52 am] HAL       Transmitting message. 993bf13f-40cb-430a-a3ea-922d49def34f->2ac660d5-682c-489e-928d-2482f6e7b33a {}
[July 15, 2015, 6:52 am] INFO      Transmitting message. 993bf13f-40cb-430a-a3ea-922d49def34f->2ac660d5-682c-489e-928d-2482f6e7b33a {"to":"2ac660d5-682c-489e-928d-2482f6e7b33a","msg":"Take me to your leader","signature":"993bf13f-40cb-430a-a3ea-922d49def34f","channel":"2ac660d5-682c-489e-928d-2482f6e7b33a","action":"_default","sent":1436943160,"from":{"_id":"993bf13f-40cb-430a-a3ea-922d49def34f","name":"Guest","created_date":1436852074,"updated_date":1436943158},"created_date":1436943160,"updated_date":1436943160,"_id":{"$id":"55a6033819be1e0c008b45a6"}}
[July 15, 2015, 6:52 am] INFO      A new connection. {}
[July 15, 2015, 6:52 am] INFO      Message from 993bf13f-40cb-430a-a3ea-922d49def34f to 2ac660d5-682c-489e-928d-2482f6e7b33a is valid. {"to":"2ac660d5-682c-489e-928d-2482f6e7b33a","msg":"Take me to your leader","signature":"993bf13f-40cb-430a-a3ea-922d49def34f","channel":"2ac660d5-682c-489e-928d-2482f6e7b33a","action":"_default","sent":1436943161}
[July 15, 2015, 6:52 am] HAL       Transmitting message. 993bf13f-40cb-430a-a3ea-922d49def34f->2ac660d5-682c-489e-928d-2482f6e7b33a {}
[July 15, 2015, 6:52 am] INFO      Transmitting message. 993bf13f-40cb-430a-a3ea-922d49def34f->2ac660d5-682c-489e-928d-2482f6e7b33a {"to":"2ac660d5-682c-489e-928d-2482f6e7b33a","msg":"Take me to your leader","signature":"993bf13f-40cb-430a-a3ea-922d49def34f","channel":"2ac660d5-682c-489e-928d-2482f6e7b33a","action":"_default","sent":1436943161,"from":{"_id":"993bf13f-40cb-430a-a3ea-922d49def34f","name":"Guest","created_date":1436852074,"updated_date":1436943160},"created_date":1436943161,"updated_date":1436943161,"_id":{"$id":"55a6033919be1e0c008b45a7"}}
[July 15, 2015, 6:53 am] INFO      A new connection. {}
[July 15, 2015, 6:53 am] INFO      Message from 993bf13f-40cb-430a-a3ea-922d49def34f to 2ac660d5-682c-489e-928d-2482f6e7b33a is valid. {"to":"2ac660d5-682c-489e-928d-2482f6e7b33a","msg":"Take me to your leader","signature":"993bf13f-40cb-430a-a3ea-922d49def34f","channel":"2ac660d5-682c-489e-928d-2482f6e7b33a","action":"_default","sent":1436943197}
[July 15, 2015, 6:53 am] HAL       Transmitting message. 993bf13f-40cb-430a-a3ea-922d49def34f->2ac660d5-682c-489e-928d-2482f6e7b33a {}
[July 15, 2015, 6:53 am] INFO      Transmitting message. 993bf13f-40cb-430a-a3ea-922d49def34f->2ac660d5-682c-489e-928d-2482f6e7b33a {"to":"2ac660d5-682c-489e-928d-2482f6e7b33a","msg":"Take me to your leader","signature":"993bf13f-40cb-430a-a3ea-922d49def34f","channel":"2ac660d5-682c-489e-928d-2482f6e7b33a","action":"_default","sent":1436943197,"from":{"_id":"993bf13f-40cb-430a-a3ea-922d49def34f","name":"Guest","created_date":1436852074,"updated_date":1436943161},"created_date":1436943197,"updated_date":1436943197,"_id":{"$id":"55a6035d19be1e0c008b45a8"}}
[July 15, 2015, 6:53 am] INFO      A new connection. {}
[July 15, 2015, 6:53 am] INFO      Message from 993bf13f-40cb-430a-a3ea-922d49def34f to 2ac660d5-682c-489e-928d-2482f6e7b33a is valid. {"to":"2ac660d5-682c-489e-928d-2482f6e7b33a","msg":"Take me to your leader","signature":"993bf13f-40cb-430a-a3ea-922d49def34f","channel":"2ac660d5-682c-489e-928d-2482f6e7b33a","action":"_default","sent":1436943202}
[July 15, 2015, 6:53 am] HAL       Transmitting message. 993bf13f-40cb-430a-a3ea-922d49def34f->2ac660d5-682c-489e-928d-2482f6e7b33a {}
[July 15, 2015, 6:53 am] INFO      Transmitting message. 993bf13f-40cb-430a-a3ea-922d49def34f->2ac660d5-682c-489e-928d-2482f6e7b33a {"to":"2ac660d5-682c-489e-928d-2482f6e7b33a","msg":"Take me to your leader","signature":"993bf13f-40cb-430a-a3ea-922d49def34f","channel":"2ac660d5-682c-489e-928d-2482f6e7b33a","action":"_default","sent":1436943202,"from":{"_id":"993bf13f-40cb-430a-a3ea-922d49def34f","name":"Guest","created_date":1436852074,"updated_date":1436943197},"created_date":1436943202,"updated_date":1436943202,"_id":{"$id":"55a6036219be1e0c008b45a9"}}
[July 15, 2015, 6:53 am] INFO      A new connection. {}
[July 15, 2015, 6:54 am] INFO      Message from 993bf13f-40cb-430a-a3ea-922d49def34f to h is valid. {"to":"h.login","signature":"993bf13f-40cb-430a-a3ea-922d49def34f","action":"login","channel":"h","sent":1436943266}
[July 15, 2015, 6:55 am] INFO      A new connection. {}
[July 15, 2015, 6:55 am] INFO      Message from 993bf13f-40cb-430a-a3ea-922d49def34f to 2ac660d5-682c-489e-928d-2482f6e7b33a is valid. {"to":"2ac660d5-682c-489e-928d-2482f6e7b33a","msg":"Good Morning Dave","signature":"993bf13f-40cb-430a-a3ea-922d49def34f","channel":"2ac660d5-682c-489e-928d-2482f6e7b33a","action":"_default","sent":1436943303}
[July 15, 2015, 6:55 am] HAL       Transmitting message. 993bf13f-40cb-430a-a3ea-922d49def34f->2ac660d5-682c-489e-928d-2482f6e7b33a {}
[July 15, 2015, 6:55 am] INFO      Transmitting message. 993bf13f-40cb-430a-a3ea-922d49def34f->2ac660d5-682c-489e-928d-2482f6e7b33a {"to":"2ac660d5-682c-489e-928d-2482f6e7b33a","msg":"Good Morning Dave","signature":"993bf13f-40cb-430a-a3ea-922d49def34f","channel":"2ac660d5-682c-489e-928d-2482f6e7b33a","action":"_default","sent":1436943303,"from":{"_id":"993bf13f-40cb-430a-a3ea-922d49def34f","name":"Guest","created_date":1436852074,"updated_date":1436943202},"created_date":1436943303,"updated_date":1436943303,"_id":{"$id":"55a603c719be1e0c008b45ab"}}
[July 15, 2015, 6:55 am] INFO      A new connection. {}
[July 15, 2015, 6:55 am] INFO      Message from 993bf13f-40cb-430a-a3ea-922d49def34f to _ is valid. {"to":"_.login","signature":"993bf13f-40cb-430a-a3ea-922d49def34f","action":"login","channel":"_","sent":1436943348}
[July 15, 2015, 6:56 am] INFO      A new connection. {}
[July 15, 2015, 6:56 am] INFO      Message from 993bf13f-40cb-430a-a3ea-922d49def34f to 2ac660d5-682c-489e-928d-2482f6e7b33a is valid. {"to":"2ac660d5-682c-489e-928d-2482f6e7b33a","msg":"Good Morning Dave","signature":"993bf13f-40cb-430a-a3ea-922d49def34f","channel":"2ac660d5-682c-489e-928d-2482f6e7b33a","action":"_default","sent":1436943377}
[July 15, 2015, 6:56 am] HAL       Transmitting message. 993bf13f-40cb-430a-a3ea-922d49def34f->2ac660d5-682c-489e-928d-2482f6e7b33a {}
[July 15, 2015, 6:56 am] INFO      Transmitting message. 993bf13f-40cb-430a-a3ea-922d49def34f->2ac660d5-682c-489e-928d-2482f6e7b33a {"to":"2ac660d5-682c-489e-928d-2482f6e7b33a","msg":"Good Morning Dave","signature":"993bf13f-40cb-430a-a3ea-922d49def34f","channel":"2ac660d5-682c-489e-928d-2482f6e7b33a","action":"_default","sent":1436943377,"from":{"_id":"993bf13f-40cb-430a-a3ea-922d49def34f","name":"Guest","created_date":1436852074,"updated_date":1436943303},"created_date":1436943377,"updated_date":1436943377,"_id":{"$id":"55a6041119be1e0c008b45ad"}}
[July 15, 2015, 6:56 am] INFO      A new connection. {}
[July 15, 2015, 6:56 am] INFO      Message from 993bf13f-40cb-430a-a3ea-922d49def34f to 2ac660d5-682c-489e-928d-2482f6e7b33a is valid. {"to":"2ac660d5-682c-489e-928d-2482f6e7b33a","msg":"Good Morning Dave","signature":"993bf13f-40cb-430a-a3ea-922d49def34f","channel":"2ac660d5-682c-489e-928d-2482f6e7b33a","action":"_default","sent":1436943383}
[July 15, 2015, 6:56 am] HAL       Transmitting message. 993bf13f-40cb-430a-a3ea-922d49def34f->2ac660d5-682c-489e-928d-2482f6e7b33a {}
[July 15, 2015, 6:56 am] INFO      Transmitting message. 993bf13f-40cb-430a-a3ea-922d49def34f->2ac660d5-682c-489e-928d-2482f6e7b33a {"to":"2ac660d5-682c-489e-928d-2482f6e7b33a","msg":"Good Morning Dave","signature":"993bf13f-40cb-430a-a3ea-922d49def34f","channel":"2ac660d5-682c-489e-928d-2482f6e7b33a","action":"_default","sent":1436943383,"from":{"_id":"993bf13f-40cb-430a-a3ea-922d49def34f","name":"Guest","created_date":1436852074,"updated_date":1436943377},"created_date":1436943383,"updated_date":1436943383,"_id":{"$id":"55a6041719be1e0c008b45ae"}}
[July 15, 2015, 6:57 am] INFO      A new connection. {}
[July 15, 2015, 6:57 am] INFO      Message from 993bf13f-40cb-430a-a3ea-922d49def34f to 2ac660d5-682c-489e-928d-2482f6e7b33a is valid. {"to":"2ac660d5-682c-489e-928d-2482f6e7b33a","msg":"Good Morning Dave","signature":"993bf13f-40cb-430a-a3ea-922d49def34f","channel":"2ac660d5-682c-489e-928d-2482f6e7b33a","action":"_default","sent":1436943470}
[July 15, 2015, 6:57 am] HAL       Transmitting message. 993bf13f-40cb-430a-a3ea-922d49def34f->2ac660d5-682c-489e-928d-2482f6e7b33a {}
[July 15, 2015, 6:57 am] INFO      Transmitting message. 993bf13f-40cb-430a-a3ea-922d49def34f->2ac660d5-682c-489e-928d-2482f6e7b33a {"to":"2ac660d5-682c-489e-928d-2482f6e7b33a","msg":"Good Morning Dave","signature":"993bf13f-40cb-430a-a3ea-922d49def34f","channel":"2ac660d5-682c-489e-928d-2482f6e7b33a","action":"_default","sent":1436943470,"from":{"_id":"993bf13f-40cb-430a-a3ea-922d49def34f","name":"Guest","created_date":1436852074,"updated_date":1436943383},"created_date":1436943470,"updated_date":1436943470,"_id":{"$id":"55a6046e19be1e0c008b45af"}}
[July 15, 2015, 6:57 am] INFO      A new connection. {}
[July 15, 2015, 6:58 am] INFO      Message from 993bf13f-40cb-430a-a3ea-922d49def34f to _ is valid. {"to":"_.login","signature":"993bf13f-40cb-430a-a3ea-922d49def34f","action":"login","channel":"_","sent":1436943485}
[July 15, 2015, 6:58 am] HAL       Hello Dave. []
[July 15, 2015, 6:58 am] HAL       I'm completely operational, and all my circuits are functioning perfectly. []
[July 15, 2015, 6:58 am] INFO      A new connection. {}
[July 15, 2015, 6:59 am] INFO      Message from 993bf13f-40cb-430a-a3ea-922d49def34f to _ is valid. {"to":"_.login","signature":"993bf13f-40cb-430a-a3ea-922d49def34f","action":"login","channel":"_","sent":1436943551}
[July 15, 2015, 6:59 am] INFO      A new connection. {}
[July 15, 2015, 6:59 am] INFO      Message from 993bf13f-40cb-430a-a3ea-922d49def34f to 2ac660d5-682c-489e-928d-2482f6e7b33a is valid. {"to":"2ac660d5-682c-489e-928d-2482f6e7b33a","msg":"Good Morning Dave","signature":"993bf13f-40cb-430a-a3ea-922d49def34f","channel":"2ac660d5-682c-489e-928d-2482f6e7b33a","action":"_default","sent":1436943557}
[July 15, 2015, 6:59 am] HAL       Transmitting message. 993bf13f-40cb-430a-a3ea-922d49def34f->2ac660d5-682c-489e-928d-2482f6e7b33a {}
[July 15, 2015, 6:59 am] INFO      Transmitting message. 993bf13f-40cb-430a-a3ea-922d49def34f->2ac660d5-682c-489e-928d-2482f6e7b33a {"to":"2ac660d5-682c-489e-928d-2482f6e7b33a","msg":"Good Morning Dave","signature":"993bf13f-40cb-430a-a3ea-922d49def34f","channel":"2ac660d5-682c-489e-928d-2482f6e7b33a","action":"_default","sent":1436943557,"from":{"_id":"993bf13f-40cb-430a-a3ea-922d49def34f","name":"Guest","created_date":1436852074,"updated_date":1436943470},"created_date":1436943557,"updated_date":1436943557,"_id":{"$id":"55a604c5a1c6280b008b4568"}}
[July 15, 2015, 6:59 am] INFO      A new connection. {}
[July 15, 2015, 6:59 am] INFO      Message from 993bf13f-40cb-430a-a3ea-922d49def34f to 2ac660d5-682c-489e-928d-2482f6e7b33a is valid. {"to":"2ac660d5-682c-489e-928d-2482f6e7b33a","msg":"Good Morning Dave","signature":"993bf13f-40cb-430a-a3ea-922d49def34f","channel":"2ac660d5-682c-489e-928d-2482f6e7b33a","action":"_default","sent":1436943579}
[July 15, 2015, 6:59 am] HAL       Transmitting message. 993bf13f-40cb-430a-a3ea-922d49def34f->2ac660d5-682c-489e-928d-2482f6e7b33a {}
[July 15, 2015, 6:59 am] INFO      Transmitting message. 993bf13f-40cb-430a-a3ea-922d49def34f->2ac660d5-682c-489e-928d-2482f6e7b33a {"to":"2ac660d5-682c-489e-928d-2482f6e7b33a","msg":"Good Morning Dave","signature":"993bf13f-40cb-430a-a3ea-922d49def34f","channel":"2ac660d5-682c-489e-928d-2482f6e7b33a","action":"_default","sent":1436943579,"from":{"_id":"993bf13f-40cb-430a-a3ea-922d49def34f","name":"Guest","created_date":1436852074,"updated_date":1436943557},"created_date":1436943579,"updated_date":1436943579,"_id":{"$id":"55a604dba1c6280b008b4569"}}
[July 15, 2015, 4:05 pm] INFO      A new connection. {}
[July 15, 2015, 4:06 pm] INFO      A new connection. {}
[July 15, 2015, 4:06 pm] HAL       I'm sorry 50.201.69.34. I cannot do that. Goodbye. {}
[July 15, 2015, 4:07 pm] INFO      A new connection. {}
[July 15, 2015, 4:07 pm] HAL       I'm sorry 50.201.69.34. I cannot do that. Goodbye. {}
[July 15, 2015, 4:07 pm] HAL       Hello Dave. []
[July 15, 2015, 4:07 pm] HAL       I'm completely operational, and all my circuits are functioning perfectly. []
[July 15, 2015, 4:08 pm] INFO      A new connection. {}
[July 15, 2015, 4:08 pm] HAL       I'm sorry 50.201.69.34. I cannot do that. Goodbye. {}
[July 15, 2015, 4:08 pm] INFO      A new connection. {}
[July 15, 2015, 4:08 pm] HAL       I'm sorry 50.201.69.34. I cannot do that. Goodbye. {}
[July 15, 2015, 4:08 pm] INFO      A new connection. {}
[July 15, 2015, 4:09 pm] INFO      A new connection. {}
[July 15, 2015, 4:09 pm] HAL       I'm sorry 50.201.69.34. I cannot do that. Goodbye. {}
[July 15, 2015, 4:10 pm] INFO      A new connection. {}
[July 15, 2015, 4:10 pm] HAL       I'm sorry 50.201.69.34. I cannot do that. Goodbye. {}
[July 15, 2015, 4:10 pm] INFO      A new connection. {}
[July 15, 2015, 4:11 pm] INFO      A new connection. {}
[July 16, 2015, 2:01 am] INFO      A new connection. {}
[July 16, 2015, 2:51 am] INFO      A new connection. {}
